Team1,14.73,846.78,1488.53,-8.00,-0.86,-5.06,
Team1,14.72,846.77,1488.56,-8.90,-1.22,-4.16,
Team1,14.72,846.78,1488.51,-8.87,-0.39,-3.61,
Team1,14.72,846.78,1488.50,-9.26,-0.98,-3.73,
Team1,14.72,846.78,1488.47,-8.55,-0.78,-3.92,
Team1,14.72,846.78,1488.51,-10.71,0.31,-2.16,
Team1,14.72,846.78,1488.50,-9.77,0.04,-2.28,
Team1,14.72,846.77,1488.58,-8.08,0.71,-4.12,
Team1,14.72,846.78,1488.55,-9.89,2.39,-1.77,
Team1,14.72,846.77,1488.62,-9.69,2.24,-0.39,
Team1,14.72,846.78,1488.53,-9.65,2.24,-1.18,
Team1,14.71,846.77,1488.59,-8.94,0.86,-2.24,
Team1,14.71,846.77,1488.61,-9.65,0.78,-2.75,
Team1,14.71,846.77,1488.58,-9.34,0.78,-2.04,
Team1,14.71,846.78,1488.49,-9.65,1.14,-1.53,
Team1,14.71,846.78,1488.54,-9.65,0.90,-1.49,
Team1,14.71,846.78,1488.52,-9.65,1.45,-2.31,
Team1,14.71,846.78,1488.51,-9.65,1.45,-1.96,
Team1,14.71,846.78,1488.49,-9.49,1.53,-1.77,
Team1,14.71,846.78,1488.53,-9.61,1.33,-2.00,
Team1,14.71,846.78,1488.53,-9.65,1.18,-2.16,
Team1,14.71,846.78,1488.54,-9.53,0.59,-1.96,
Team1,14.71,846.77,1488.59,-9.30,0.47,-2.71,
Team1,14.71,846.77,1488.62,-9.45,0.75,-3.26,
Team1,14.70,846.77,1488.56,-9.49,1.18,-2.82,
Team1,14.70,846.77,1488.63,-9.57,0.90,-2.16,
Team1,14.70,846.76,1488.65,-9.73,0.86,-2.24,
Team1,14.70,846.76,1488.68,-10.12,0.86,-2.67,
Team1,14.70,846.77,1488.63,-9.65,0.94,-2.39,
Team1,14.70,846.77,1488.61,-9.30,1.18,-2.59,
Team1,14.70,846.77,1488.58,-9.61,0.86,-2.71,
Team1,14.70,846.78,1488.50,-9.69,0.67,-2.51,
Team1,14.70,846.78,1488.50,-9.96,1.18,-2.04,
Team1,14.70,846.78,1488.51,-9.49,0.24,-2.94,
Team1,14.70,846.78,1488.51,-8.90,0.39,-3.57,
Team1,14.70,846.78,1488.55,-8.79,0.82,-3.61,
Team1,14.70,846.78,1488.50,-8.94,1.49,-3.18,
Team1,14.70,846.78,1488.48,-9.57,0.47,-2.31,
Team1,14.69,846.78,1488.54,-9.45,0.67,-3.18,
Team1,14.69,846.78,1488.49,-9.34,0.55,-2.90,
Team1,14.69,846.78,1488.52,-9.41,0.63,-3.18,
Team1,14.69,846.77,1488.56,-9.41,0.71,-2.75,
Team1,14.69,846.77,1488.59,-9.26,0.86,-2.79,
Team1,14.69,846.77,1488.56,-9.53,0.94,-2.75,
Team1,14.69,846.77,1488.61,-9.45,0.90,-3.22,
Team1,14.69,846.77,1488.59,-9.85,0.78,-2.28,
Team1,14.69,846.76,1488.67,-10.20,1.06,-1.84,
Team1,14.69,846.76,1488.73,-9.65,1.88,-3.69,
Team1,14.69,846.76,1488.71,-7.69,0.78,-4.59,
Team1,14.69,846.76,1488.69,-10.47,-0.04,-1.73,
Team1,14.69,846.76,1488.68,-10.51,0.63,-0.78,
Team1,14.68,846.77,1488.64,-9.45,0.00,-2.20,
Team1,14.68,846.76,1488.67,-9.18,0.20,-2.71,
Team1,14.68,846.76,1488.70,-8.98,0.82,-3.02,
Team1,14.68,846.76,1488.70,-9.69,0.94,-2.16,
Team1,14.68,846.77,1488.62,-9.10,2.16,-2.63,
Team1,14.68,846.77,1488.65,-9.45,2.31,-2.12,
Team1,14.68,846.77,1488.61,-9.45,2.55,-2.63,
Team1,14.68,846.77,1488.58,-9.45,2.12,-2.31,
Team1,14.68,846.78,1488.55,-9.73,1.84,-2.00,
Team1,14.68,846.77,1488.57,-9.22,1.41,-2.31,
Team1,14.67,846.77,1488.56,-9.38,1.73,-2.20,
Team1,14.67,846.77,1488.59,-9.38,1.65,-2.00,
Team1,14.67,846.77,1488.63,-9.53,1.61,-1.92,
Team1,14.67,846.77,1488.61,-9.57,2.04,-1.88,
Team1,14.67,846.77,1488.57,-9.38,1.49,-2.00,
Team1,14.67,846.78,1488.52,-9.61,1.80,-2.08,
Team1,14.67,846.78,1488.51,-9.57,1.65,-2.00,
Team1,14.67,846.78,1488.49,-9.61,1.49,-2.04,
Team1,14.67,846.78,1488.55,-9.14,1.26,-1.88,
Team1,14.67,846.78,1488.53,-9.65,1.61,-1.92,
Team1,14.67,846.77,1488.58,-9.85,0.98,-2.20,
Team1,14.67,846.77,1488.60,-9.14,1.22,-1.53,
Team1,14.67,846.78,1488.54,-9.49,0.98,-1.53,
Team1,14.66,846.77,1488.61,-10.28,0.51,-1.14,
Team1,14.66,846.77,1488.62,-9.41,0.82,-2.04,
Team1,14.66,846.77,1488.63,-9.65,0.75,-1.84,
Team1,14.66,846.77,1488.62,-9.81,1.26,-1.14,
Team1,14.66,846.78,1488.55,-9.57,0.94,-1.45,
Team1,14.66,846.78,1488.53,-9.69,0.90,-1.37,
Team1,14.66,846.78,1488.51,-9.85,1.06,-2.00,
Team1,14.66,846.78,1488.48,-8.90,1.10,-2.24,
Team1,14.66,846.78,1488.51,-10.36,1.06,-2.31,
Team1,14.66,846.77,1488.59,-15.85,0.94,-2.75,
Team1,14.66,846.70,1489.25,-14.83,1.26,-1.37,
Team1,14.66,846.72,1489.13,-7.02,1.02,-2.79,
Team1,14.66,846.72,1489.09,-7.81,1.06,-4.67,
Team1,14.66,846.73,1489.02,-7.88,2.75,-4.51,
Team1,14.66,846.73,1489.01,-8.39,4.08,-5.02,
Team1,14.65,846.73,1488.95,-7.69,0.43,-3.61,
Team1,14.65,846.74,1488.90,-8.04,-1.69,-1.57,
Team1,14.65,846.74,1488.91,-13.89,-0.82,1.53,
Team1,14.65,846.74,1488.93,-11.77,-1.49,0.35,
Team1,14.65,846.74,1488.91,-7.69,1.88,-1.73,
Team1,14.65,846.74,1488.89,-9.57,2.67,-0.67,
Team1,14.65,846.74,1488.89,-11.30,1.06,-0.90,
Team1,14.65,846.73,1488.95,-10.63,-0.24,-0.90,
Team1,14.65,846.73,1488.97,-9.81,1.06,-2.86,
Team1,14.65,846.73,1488.96,-10.08,-0.90,-2.86,
Team1,14.65,846.74,1488.90,-9.65,-1.77,-1.84,
Team1,14.65,846.75,1488.82,-9.22,-2.28,-2.43,
Team1,14.64,846.76,1488.75,-9.18,-3.18,-2.20,
Team1,14.64,846.76,1488.74,-2.90,-2.16,2.98,
Team1,14.64,846.78,1488.50,-7.57,-5.77,-4.90,
Team1,14.64,846.77,1488.58,-9.89,-1.02,-4.20,
Team1,14.64,846.77,1488.65,-8.43,-0.55,-3.49,
Team1,14.64,846.76,1488.73,-6.94,-0.63,-2.75,
Team1,14.64,846.76,1488.71,-6.63,-0.47,-2.47,
Team1,14.64,846.76,1488.75,-6.86,-1.06,-1.96,
Team1,14.64,846.76,1488.67,-10.16,-0.55,-2.71,
Team1,14.64,846.77,1488.56,-13.22,0.08,-2.16,
Team1,14.64,846.78,1488.54,-12.75,0.78,-4.43,
Team1,14.64,846.79,1488.44,-11.92,1.69,-7.65,
Team1,14.64,846.79,1488.43,-10.98,1.77,-2.31,
Team1,14.64,846.79,1488.36,-8.94,-1.84,-3.30,
Team1,14.63,846.80,1488.32,-9.69,-1.33,-3.84,
Team1,14.63,846.80,1488.35,-11.02,-2.12,-5.22,
Team1,14.63,846.80,1488.35,-9.34,-1.22,-2.20,
Team1,14.63,846.81,1488.24,-9.06,-1.80,-2.71,
Team1,14.63,846.82,1488.16,-8.43,-0.98,-4.47,
Team1,14.63,846.87,1487.66,-7.92,-2.43,-2.98,
Team1,14.63,846.92,1487.19,-7.37,-0.90,-4.12,
Team1,14.63,847.01,1486.33,-7.34,-0.71,-2.39,
Team1,14.63,846.97,1486.63,-12.28,-0.71,-3.80,
Team1,14.63,846.89,1487.42,-9.26,-0.71,-3.26,
Team1,14.63,846.87,1487.66,-9.14,-0.31,-3.18,
Team1,14.63,846.85,1487.81,-7.14,0.59,-4.31,
Team1,14.63,846.84,1487.94,-14.51,-1.33,-4.04,
Team1,14.63,846.84,1487.91,-8.63,-4.79,-2.94,
Team1,14.63,846.85,1487.79,-7.73,-2.86,-2.75,
Team1,14.63,846.85,1487.87,-9.53,-2.35,-2.67,
Team1,14.63,846.84,1487.95,-8.87,-2.16,-3.26,
Team1,14.63,846.83,1488.05,-8.94,-0.82,-3.22,
Team1,14.63,846.83,1488.04,-7.10,-0.27,-2.47,
Team1,14.63,846.83,1488.07,-9.45,1.49,-3.18,
Team1,14.63,846.82,1488.11,-9.30,-1.18,-1.88,
Team1,14.63,846.82,1488.15,-9.22,-1.41,-2.59,
Team1,14.63,846.82,1488.13,-9.92,-1.45,-2.71,
Team1,14.63,846.82,1488.13,-9.53,-0.86,-2.71,
Team1,14.63,846.82,1488.10,-9.34,-1.96,-1.73,
Team1,14.63,846.82,1488.13,-9.49,-1.80,-2.47,
Team1,14.63,846.82,1488.14,-9.49,-1.73,-1.77,
Team1,14.63,846.82,1488.16,-9.61,-1.80,-1.96,
Team1,14.63,846.81,1488.18,-9.53,-1.29,-1.88,
Team1,14.63,846.82,1488.17,-9.61,-1.33,-2.16,
Team1,14.63,846.82,1488.15,-9.61,-1.02,-2.16,
Team1,14.63,846.82,1488.08,-9.73,-1.14,-2.47,
Team1,14.63,846.82,1488.10,-10.00,-1.10,-1.96,
Team1,14.63,846.82,1488.09,-9.45,-1.18,-2.43,
Team1,14.63,846.83,1488.06,-8.79,-0.90,-2.47,
Team1,14.63,846.83,1488.01,-10.12,-0.39,-2.08,
Team1,14.63,846.82,1488.09,-8.90,-0.08,-2.86,
Team1,14.63,846.82,1488.10,-9.77,-0.27,-2.67,
Team1,14.63,846.83,1488.06,-9.96,-0.39,-2.51,
Team1,14.64,846.82,1488.15,-9.57,-0.39,-2.39,
Team1,14.64,846.83,1488.05,-9.49,-0.55,-2.82,
Team1,14.64,846.83,1488.07,-9.57,-0.27,-2.59,
Team1,14.64,846.83,1487.99,-9.96,-0.51,-3.14,
Team1,14.64,846.83,1488.02,-9.14,-0.63,-2.98,
Team1,14.64,846.83,1488.01,-9.77,-0.55,-3.02,
Team1,14.64,846.83,1488.01,-9.49,-0.59,-3.10,
Team1,14.64,846.83,1488.00,-9.10,-0.59,-2.75,
Team1,14.64,846.83,1488.06,-9.53,-0.75,-2.67,
Team1,14.64,846.83,1488.04,-10.04,-0.51,-2.94,
Team1,14.64,846.83,1488.05,-9.81,-0.71,-3.02,
Team1,14.64,846.82,1488.10,-9.10,-0.51,-2.90,
Team1,14.64,846.82,1488.14,-8.87,-0.90,-3.06,
Team1,14.64,846.82,1488.12,-9.61,-0.90,-2.86,
Team1,14.64,846.82,1488.08,-9.26,-0.71,-2.35,
Team1,14.64,846.82,1488.11,-9.41,-0.94,-2.00,
Team1,14.64,846.82,1488.08,-9.61,-0.63,-2.12,
Team1,14.64,846.82,1488.12,-9.34,-0.27,-2.00,
Team1,14.64,846.82,1488.08,-9.85,-0.94,-1.49,
Team1,14.64,846.82,1488.09,-9.45,-0.12,-1.69,
Team1,14.64,846.82,1488.09,-10.04,-0.04,-2.24,
Team1,14.64,846.82,1488.12,-9.69,-0.08,-2.28,
Team1,14.64,846.82,1488.12,-9.49,-0.20,-1.80,
Team1,14.64,846.82,1488.12,-9.45,-0.20,-1.22,
Team1,14.64,846.82,1488.13,-10.32,-0.35,-2.24,
Team1,14.64,846.81,1488.19,-8.79,-0.78,-1.65,
Team1,14.64,846.82,1488.14,-9.45,-0.78,-2.75,
Team1,14.64,846.82,1488.14,-9.53,-0.75,-2.98,
Team1,14.64,846.82,1488.09,-9.38,-0.63,-2.82,
Team1,14.64,846.82,1488.12,-9.45,-1.29,-3.26,
Team1,14.64,846.82,1488.12,-9.30,-1.10,-3.49,
Team1,14.64,846.82,1488.17,-8.59,0.24,-3.57,
Team1,14.64,846.81,1488.20,-4.63,-1.26,-0.47,
Team1,14.64,846.81,1488.21,-9.26,-0.63,-3.41,
Team1,14.65,846.81,1488.24,-9.57,-2.00,-2.08,
Team1,14.65,846.81,1488.17,-8.87,-1.73,-3.41,
Team1,14.65,846.82,1488.11,-8.79,-1.57,-1.80,
Team1,14.65,846.82,1488.14,-9.57,-1.49,-1.73,
Team1,14.65,846.82,1488.08,-9.61,-0.47,-1.53,
Team1,14.65,846.83,1488.05,-9.61,0.63,-1.73,
Team1,14.65,846.83,1488.07,-10.47,2.04,-1.77,
Team1,14.65,846.83,1488.06,-8.67,0.08,-1.37,
Team1,14.65,846.82,1488.11,-9.26,0.51,-1.49,
Team1,14.65,846.82,1488.14,-9.61,-0.24,-1.80,
Team1,14.65,846.82,1488.11,-9.89,0.04,-2.31,
Team1,14.65,846.82,1488.10,-10.20,-0.04,-2.90,
Team1,14.65,846.82,1488.08,-8.20,0.82,-2.28,
Team1,14.65,846.83,1487.99,-9.02,1.77,-2.86,
Team1,14.65,846.83,1488.04,-10.20,2.31,-4.00,
Team1,14.65,846.83,1488.02,-10.20,2.00,-4.71,
Team1,14.65,846.83,1488.01,-9.18,1.49,-3.73,
Team1,14.65,846.83,1488.05,-5.84,0.82,-1.80,
Team1,14.65,846.82,1488.14,-12.47,4.43,-6.94,
Team1,14.65,846.82,1488.16,-7.57,0.51,-4.59,
Team1,14.65,846.81,1488.18,-8.71,-0.63,-3.53,
Team1,14.65,846.81,1488.18,-8.83,-0.75,-1.37,
Team1,14.65,846.81,1488.17,-4.28,1.61,-1.84,
Team1,14.65,846.81,1488.20,-9.69,0.00,-1.96,
Team1,14.65,846.81,1488.22,-9.57,-0.51,-2.67,
Team1,14.65,846.81,1488.22,-10.32,-0.59,-4.08,
Team1,14.65,846.82,1488.16,-9.02,-2.12,-0.27,
Team1,14.65,846.82,1488.12,-10.75,0.59,-2.00,
Team1,14.65,846.82,1488.11,-9.06,1.02,-1.73,
Team1,14.65,846.82,1488.14,-9.89,1.10,-2.90,
Team1,14.65,846.82,1488.10,-10.43,-0.16,-1.61,
Team1,14.65,846.83,1488.03,-9.69,1.69,-2.75,
Team1,14.65,846.82,1488.09,-9.89,1.41,-2.98,
Team1,14.65,846.83,1488.04,-9.77,-0.20,-3.49,
Team1,14.66,846.83,1488.03,-9.45,-1.92,-0.27,
Team1,14.66,846.82,1488.08,-10.04,-0.16,-1.29,
Team1,14.66,846.82,1488.15,-9.81,0.59,-3.77,
Team1,14.66,846.82,1488.14,-11.41,-1.84,-7.53,
Team1,14.66,846.82,1488.13,-7.85,-0.75,-5.06,
Team1,14.66,846.81,1488.18,-6.20,-2.43,-2.59,
Team1,14.66,846.81,1488.22,-2.98,-2.24,-0.63,
Team1,14.66,846.81,1488.18,-9.06,-3.30,-0.90,
Team1,14.66,846.81,1488.26,-9.73,-3.88,0.47,
Team1,14.66,846.81,1488.23,-8.00,-2.51,-0.35,
Team1,14.66,846.81,1488.22,-8.28,-2.71,0.75,
Team1,14.66,846.81,1488.17,-10.40,-1.10,0.24,
Team1,14.66,846.81,1488.20,-13.73,-2.31,0.47,
Team1,14.67,846.81,1488.21,-7.41,-0.90,-2.59,
Team1,14.67,846.82,1488.17,-7.10,-1.88,-2.04,
Team1,14.67,846.81,1488.20,-13.26,-0.71,1.41,
Team1,14.67,846.81,1488.22,-11.26,-1.45,2.55,
Team1,14.67,846.81,1488.26,-10.40,-1.37,-1.88,
Team1,14.67,846.81,1488.22,-6.51,-1.61,-0.94,
Team1,14.67,846.81,1488.21,-11.38,-1.61,0.43,
Team1,14.67,846.82,1488.12,-17.53,-2.90,-1.33,
Team1,14.67,846.81,1488.18,-10.67,-0.67,-2.63,
Team1,14.67,846.82,1488.14,-6.51,-1.10,-0.47,
Team1,14.67,846.81,1488.22,-9.18,-0.78,-2.16,
Team1,14.67,846.81,1488.22,-11.38,-1.53,-0.04,
Team1,14.67,846.81,1488.21,-8.51,-2.24,-0.31,
Team1,14.67,846.81,1488.23,-8.75,-3.02,-0.04,
Team1,14.67,846.82,1488.16,-4.24,-2.55,-2.35,
Team1,14.67,846.81,1488.23,-9.81,-2.12,-3.33,
Team1,14.67,846.81,1488.23,0.00,-0.16,-2.47,
Team1,14.67,846.81,1488.25,-8.43,-1.22,-3.77,
Team1,14.67,846.81,1488.22,-7.34,-0.82,-2.90,
Team1,14.67,846.81,1488.21,-10.20,-1.41,-0.82,
Team1,14.67,846.81,1488.22,-11.30,0.12,-2.00,
Team1,14.67,846.82,1488.16,-10.36,2.20,0.39,
Team1,14.67,846.81,1488.18,-7.65,-2.35,-3.33,
Team1,14.67,846.82,1488.13,-6.90,0.63,0.55,
Team1,14.67,846.83,1488.03,-10.20,2.28,-0.04,
Team1,14.67,846.84,1487.93,-10.40,2.86,-1.80,
Team1,14.67,846.85,1487.80,-9.65,1.92,-3.06,
Team1,14.67,846.82,1488.12,-8.59,0.51,0.51,
Team1,14.67,846.83,1488.04,-7.57,-0.47,-2.47,
Team1,14.67,846.82,1488.09,-8.90,-1.06,-3.49,
Team1,14.67,846.82,1488.10,-12.20,0.67,-3.41,
Team1,14.67,846.82,1488.10,-8.90,-0.35,-4.24,
Team1,14.67,846.82,1488.10,-3.96,0.39,-4.47,
Team1,14.67,846.82,1488.08,-3.96,-1.22,-0.16,
Team1,14.67,846.83,1488.06,-9.96,0.98,-3.77,
Team1,14.68,846.82,1488.08,-12.24,-1.69,-4.24,
Team1,14.68,846.82,1488.10,-4.63,-1.41,-2.16,
Team1,14.68,846.83,1488.04,-9.41,2.67,-2.16,
Team1,14.68,846.83,1488.04,-8.43,-0.27,-0.20,
Team1,14.68,846.83,1488.05,-13.22,1.92,-2.31,
Team1,14.68,846.82,1488.12,-13.61,0.12,-3.45,
Team1,14.68,846.82,1488.12,-9.14,-1.33,-0.75,
Team1,14.68,846.82,1488.13,-6.43,-1.96,-2.00,
Team1,14.68,846.82,1488.09,-6.71,0.27,-1.92,
Team1,14.68,846.82,1488.11,-10.90,1.53,-3.18,
Team1,14.68,846.83,1488.05,-8.98,1.29,-7.57,
Team1,14.68,846.83,1487.99,-8.71,-1.06,-2.86,
Team1,14.68,846.83,1488.07,-4.35,0.39,-1.02,
Team1,14.68,846.82,1488.08,-10.71,3.14,-1.92,
Team1,14.68,846.82,1488.10,-9.49,-0.67,-0.16,
Team1,14.68,846.82,1488.13,-11.73,-0.08,-1.77,
Team1,14.68,846.82,1488.13,-10.63,1.26,-4.35,
Team1,14.68,846.82,1488.16,-10.67,1.10,-2.08,
Team1,14.68,846.82,1488.13,-8.39,-0.63,-2.67,
Team1,14.68,846.81,1488.19,-8.04,-1.10,-3.02,
Team1,14.68,846.82,1488.17,-14.20,2.24,-0.12,
Team1,14.68,846.82,1488.13,-8.59,-1.65,-2.98,
Team1,14.68,846.81,1488.19,-9.30,-1.73,-1.57,
Team1,14.68,846.82,1488.16,-8.87,-1.06,-3.18,
Team1,14.68,846.82,1488.16,-10.51,0.08,-3.14,
Team1,14.68,846.83,1488.03,-9.81,0.24,-3.73,
Team1,14.68,846.83,1488.02,-8.98,0.67,-3.88,
Team1,14.68,846.82,1488.10,-10.83,0.98,-2.79,
Team1,14.68,846.82,1488.09,-8.51,-0.20,-3.30,
Team1,14.68,846.82,1488.11,-9.49,-0.35,-2.16,
Team1,14.68,846.82,1488.09,-9.73,-0.16,-2.79,
Team1,14.68,846.83,1488.00,-9.92,0.00,-2.00,
Team1,14.68,846.84,1487.93,-10.08,0.20,-2.24,
Team1,14.68,846.85,1487.82,-9.14,-0.16,-1.92,
Team1,14.68,846.85,1487.87,-9.92,0.00,-2.47,
Team1,14.68,846.85,1487.85,-9.18,0.24,-2.59,
Team1,14.68,846.85,1487.84,-9.18,-0.20,-2.51,
Team1,14.68,846.85,1487.85,-9.69,0.04,-1.96,
Team1,14.68,846.85,1487.79,-9.14,0.16,-2.39,
Team1,14.68,846.85,1487.86,-10.08,-0.24,-2.24,
Team1,14.68,846.85,1487.83,-9.26,-0.04,-2.00,
Team1,14.68,846.85,1487.85,-9.49,-0.16,-2.82,
Team1,14.68,846.86,1487.77,-10.04,-0.08,-2.51,
Team1,14.68,846.85,1487.79,-9.65,0.08,-2.12,
Team1,14.68,846.85,1487.81,-9.57,0.24,-2.08,
Team1,14.68,846.85,1487.84,-10.16,0.24,-1.22,
Team1,14.68,846.85,1487.82,-9.30,-0.55,-3.30,
Team1,14.68,846.84,1487.92,-7.69,0.51,-2.94,
Team1,14.68,846.84,1487.91,-9.45,0.24,-0.24,
Team1,14.68,846.84,1487.92,-9.57,0.04,-2.28,
Team1,14.68,846.84,1487.89,-9.73,0.82,-1.26,
Team1,14.68,846.84,1487.95,-10.47,0.47,-0.94,
Team1,14.68,846.84,1487.88,-9.53,1.06,-1.96,
Team1,14.68,846.84,1487.92,-9.57,0.98,-1.37,
Team1,14.68,846.84,1487.88,-9.53,0.20,-1.29,
Team1,14.68,846.85,1487.85,-9.65,0.86,-1.45,
Team1,14.68,846.85,1487.87,-9.73,1.18,-0.98,
Team1,14.68,846.85,1487.81,-9.49,0.78,-1.06,
Team1,14.68,846.85,1487.83,-8.94,1.14,-1.41,
Team1,14.68,846.85,1487.79,-9.30,0.59,-1.10,
Team1,14.68,846.86,1487.75,-8.87,-0.47,-1.37,
Team1,14.68,846.86,1487.75,-9.96,-0.16,-1.22,
Team1,14.68,846.86,1487.77,-9.81,-0.63,-0.90,
Team1,14.68,846.86,1487.75,-9.53,0.12,-1.10,
Team1,14.68,846.86,1487.75,-10.32,0.43,-1.49,
Team1,14.68,846.85,1487.82,-9.26,-0.35,-0.67,
Team1,14.68,846.86,1487.73,-8.51,-0.12,-0.78,
Team1,14.68,846.87,1487.67,-9.30,-0.24,-1.29,
Team1,14.68,846.87,1487.60,-9.38,-0.16,-0.35,
Team1,14.68,846.88,1487.54,-9.49,-0.16,-0.47,
Team1,14.68,846.88,1487.53,-10.00,0.00,-0.35,
Team1,14.68,846.88,1487.53,-9.92,-0.20,-0.82,
Team1,14.68,846.88,1487.52,-9.92,-0.16,-1.65,
Team1,14.68,846.89,1487.42,-9.14,-0.43,-0.24,
Team1,14.68,846.89,1487.43,-9.45,-0.47,-0.39,
Team1,14.68,846.89,1487.44,-9.61,0.39,-1.45,
Team1,14.68,846.89,1487.49,-10.75,0.71,-0.59,
Team1,14.68,846.89,1487.40,-9.49,-0.39,-1.26,
Team1,14.68,846.90,1487.32,-10.55,-0.27,-1.10,
Team1,14.68,846.91,1487.25,-9.89,0.35,0.51,
Team1,14.67,846.91,1487.23,-10.16,-0.08,-0.39,
Team1,14.67,846.91,1487.24,-10.12,-1.02,-0.75,
Team1,14.67,846.92,1487.19,-9.02,-1.80,0.16,
Team1,14.67,846.92,1487.13,-9.89,-0.82,-1.22,
Team1,14.67,846.92,1487.19,-9.81,0.16,-0.82,
Team1,14.67,846.92,1487.12,-9.85,-0.20,-0.86,
Team1,14.67,846.92,1487.17,-9.96,-0.47,-0.71,
Team1,14.67,846.92,1487.16,-9.81,-0.35,-0.98,
Team1,14.67,846.92,1487.17,-9.14,0.55,-2.35,
Team1,14.67,846.92,1487.19,-8.83,-1.88,0.39,
Team1,14.67,846.92,1487.13,-8.39,1.84,-0.04,
Team1,14.67,846.93,1487.11,-11.92,-2.47,-3.26,
Team1,14.67,846.92,1487.12,-9.69,-0.43,-0.90,
Team1,14.67,846.92,1487.15,-9.22,-1.06,0.16,
Team1,14.67,846.92,1487.18,-10.00,-0.71,-0.55,
Team1,14.67,846.92,1487.17,-9.61,-0.27,-1.14,
Team1,14.67,846.91,1487.23,-9.26,0.04,-1.26,
Team1,14.67,846.92,1487.20,-9.57,0.16,-0.82,
Team1,14.67,846.91,1487.27,-9.89,-0.55,-1.33,
Team1,14.67,846.92,1487.19,-9.73,0.08,-1.06,
Team1,14.67,846.92,1487.19,-9.89,-1.69,-0.20,
Team1,14.67,846.91,1487.26,-11.53,-1.53,0.31,
Team1,14.67,846.91,1487.28,-9.65,-0.39,-0.94,
Team1,14.67,846.91,1487.24,-9.81,-0.43,-1.33,
Team1,14.67,846.91,1487.27,-9.77,-0.20,-1.26,
Team1,14.67,846.92,1487.20,-9.69,-0.31,-1.14,
Team1,14.67,846.91,1487.23,-9.77,-0.43,-1.22,
Team1,14.67,846.92,1487.18,-9.81,-1.06,-0.82,
Team1,14.67,846.92,1487.14,-9.61,-0.12,-1.02,
Team1,14.67,846.92,1487.16,-9.89,-1.10,-0.82,
Team1,14.67,846.92,1487.14,-9.85,0.67,-1.41,
Team1,14.67,846.92,1487.16,-9.73,-1.02,-0.39,
Team1,14.67,846.92,1487.19,-9.77,-0.27,-0.71,
Team1,14.67,846.92,1487.15,-9.73,-0.71,-1.57,
Team1,14.67,846.92,1487.20,-9.92,-0.04,-0.71,
Team1,14.67,846.92,1487.21,-9.41,-0.98,-1.73,
Team1,14.66,846.92,1487.21,-9.85,-0.90,-1.22,
Team1,14.66,846.91,1487.22,-9.81,-0.55,-1.29,
Team1,14.66,846.91,1487.21,-9.81,-0.90,-1.18,
Team1,14.66,846.92,1487.17,-9.85,-0.27,-0.90,
Team1,14.66,846.92,1487.19,-9.81,-0.63,-1.18,
Team1,14.66,846.92,1487.20,-9.65,-0.71,-1.22,
Team1,14.66,846.92,1487.19,-9.77,0.90,-0.71,
Team1,14.66,846.91,1487.22,-9.85,-0.24,-1.18,
Team1,14.66,846.92,1487.19,-9.81,0.90,-0.27,
Team1,14.66,846.92,1487.19,-9.53,-0.16,-0.51,
Team1,14.66,846.91,1487.21,-9.61,0.20,-1.53,
Team1,14.66,846.91,1487.27,-9.65,-0.27,-1.69,
Team1,14.66,846.91,1487.27,-9.69,-0.43,-1.61,
Team1,14.66,846.91,1487.26,-9.73,-0.16,-1.41,
Team1,14.66,846.91,1487.25,-9.81,-0.24,-1.02,
Team1,14.66,846.92,1487.15,-9.73,-0.31,-0.98,
Team1,14.66,846.92,1487.19,-9.85,-0.43,-1.45,
Team1,14.66,846.92,1487.20,-9.81,-0.31,-1.10,
Team1,14.66,846.91,1487.22,-9.73,-0.31,-1.29,
Team1,14.66,846.92,1487.12,-9.85,-0.20,-0.86,
Team1,14.66,846.93,1487.10,-9.77,-0.31,-0.98,
Team1,14.66,846.93,1487.08,-9.65,-0.43,-1.02,
Team1,14.66,846.92,1487.12,-9.65,-0.27,-0.90,
Team1,14.66,846.93,1487.07,-9.81,-0.20,-0.98,
Team1,14.66,846.92,1487.12,-9.77,-0.39,-1.02,
Team1,14.66,846.92,1487.20,-9.81,-0.27,-1.14,
Team1,14.66,846.92,1487.11,-9.73,-0.24,-1.06,
Team1,14.66,846.93,1487.03,-9.89,-0.24,-0.90,
Team1,14.66,846.92,1487.13,-9.57,-0.16,-1.29,
Team1,14.66,846.92,1487.13,-9.73,-0.31,-0.94,
Team1,14.66,846.92,1487.18,-9.89,-0.24,-0.98,
Team1,14.66,846.92,1487.19,-9.85,-0.31,-0.63,
Team1,14.66,846.92,1487.16,-10.00,-0.31,-0.90,
Team1,14.66,846.92,1487.16,-9.69,-0.20,-1.02,
Team1,14.66,846.91,1487.23,-10.00,-0.27,-0.71,
Team1,14.66,846.92,1487.12,-9.85,-0.16,-0.78,
Team1,14.66,846.93,1487.07,-9.81,-0.16,-1.02,
Team1,14.66,846.92,1487.14,-9.57,-0.31,-0.98,
Team1,14.66,846.92,1487.15,-9.81,-0.27,-0.98,
Team1,14.66,846.92,1487.18,-10.04,-0.35,-0.59,
Team1,14.66,846.91,1487.24,-9.77,-0.35,-1.33,
Team1,14.66,846.92,1487.20,-9.69,-0.24,-1.22,
Team1,14.66,846.91,1487.21,-9.85,-0.24,-0.86,
Team1,14.66,846.92,1487.17,-9.81,-0.27,-0.78,
Team1,14.66,846.91,1487.21,-9.89,-0.35,-0.82,
Team1,14.66,846.92,1487.15,-9.77,-0.16,-0.94,
Team1,14.66,846.92,1487.17,-9.85,-0.27,-0.71,
Team1,14.66,846.92,1487.14,-9.81,-0.24,-0.90,
Team1,14.66,846.92,1487.13,-9.92,-0.31,-0.90,
Team1,14.66,846.92,1487.12,-9.77,-0.27,-1.06,
Team1,14.66,846.92,1487.15,-9.81,-0.24,-0.90,
Team1,14.66,846.92,1487.11,-10.04,-0.43,-0.75,
Team1,14.66,846.92,1487.15,-9.81,-0.27,-1.10,
Team1,14.66,846.93,1487.11,-9.73,-0.35,-0.86,
Team1,14.66,846.92,1487.16,-9.81,-0.27,-0.78,
Team1,14.66,846.92,1487.20,-9.77,-0.27,-1.10,
Team1,14.66,846.92,1487.20,-9.73,-0.27,-1.06,
Team1,14.66,846.91,1487.21,-9.77,-0.43,-0.82,
Team1,14.66,846.92,1487.20,-9.77,-0.27,-0.78,
Team1,14.66,846.92,1487.18,-9.89,-0.27,-0.86,
Team1,14.66,846.92,1487.15,-9.96,-0.27,-0.78,
Team1,14.66,846.92,1487.13,-9.69,-0.31,-1.06,
Team1,14.66,846.92,1487.16,-9.96,-0.20,-0.67,
Team1,14.66,846.91,1487.23,-9.81,-0.27,-0.90,
Team1,14.66,846.92,1487.19,-9.85,-0.27,-1.06,
Team1,14.66,846.92,1487.15,-9.73,-0.20,-0.63,
Team1,14.66,846.92,1487.14,-9.89,-0.27,-0.90,
Team1,14.66,846.92,1487.18,-9.73,-0.27,-1.10,
Team1,14.66,846.91,1487.22,-9.73,-0.39,-1.02,
Team1,14.66,846.91,1487.23,-9.85,-0.31,-1.02,
Team1,14.66,846.92,1487.19,-9.61,-0.35,-0.90,
Team1,14.66,846.92,1487.14,-9.89,-0.27,-0.94,
Team1,14.66,846.92,1487.14,-9.69,-0.20,-1.10,
Team1,14.66,846.93,1487.10,-9.81,-0.20,-0.78,
Team1,14.66,846.92,1487.11,-9.77,-0.31,-1.02,
Team1,14.66,846.92,1487.14,-9.89,-0.35,-0.86,
Team1,14.66,846.92,1487.12,-10.00,-0.24,-1.02,
Team1,14.66,846.92,1487.16,-9.85,-0.20,-0.90,
Team1,14.66,846.92,1487.14,-9.89,-0.20,-1.18,
Team1,14.66,846.92,1487.14,-9.73,-0.31,-1.37,
Team1,14.66,846.92,1487.15,-9.77,-0.35,-0.78,
Team1,14.66,846.93,1487.03,-9.81,-0.27,-0.94,
Team1,14.66,846.93,1487.03,-9.65,-0.35,-0.94,
Team1,14.66,846.93,1487.07,-9.89,-0.27,-0.94,
Team1,14.66,846.93,1487.03,-9.69,-0.39,-1.02,
Team1,14.66,846.93,1487.03,-9.53,-0.31,-0.86,
Team1,14.66,846.93,1487.08,-9.57,-0.27,-0.82,
Team1,14.66,846.93,1487.11,-9.65,-0.24,-0.94,
Team1,14.66,846.92,1487.13,-9.73,-0.27,-0.90,
Team1,14.66,846.92,1487.16,-9.73,-0.31,-1.06,
Team1,14.66,846.92,1487.16,-9.85,-0.31,-0.90,
Team1,14.66,846.91,1487.23,-9.69,-0.31,-1.02,
Team1,14.66,846.91,1487.28,-9.69,-0.27,-0.86,
Team1,14.66,846.91,1487.23,-9.73,-0.20,-1.14,
Team1,14.66,846.91,1487.22,-9.73,-0.27,-1.18,
Team1,14.66,846.92,1487.20,-9.77,-0.35,-0.98,
Team1,14.66,846.93,1487.08,-9.69,-0.24,-0.86,
Team1,14.66,846.92,1487.11,-9.77,-0.24,-0.94,
Team1,14.66,846.93,1487.09,-9.81,-0.24,-1.14,
Team1,14.66,846.92,1487.15,-9.77,-0.27,-0.98,
Team1,14.66,846.91,1487.21,-9.85,-0.27,-1.14,
Team1,14.66,846.92,1487.13,-9.85,-0.43,-0.47,
Team1,14.66,846.92,1487.16,-9.81,-0.27,-0.94,
Team1,14.66,846.93,1487.06,-9.69,-0.24,-1.02,
Team1,14.66,846.93,1487.08,-9.85,-0.31,-0.94,
Team1,14.66,846.93,1487.08,-9.81,-0.24,-0.82,
Team1,14.66,846.92,1487.11,-9.81,-0.27,-1.18,
Team1,14.66,846.93,1487.10,-9.65,-0.20,-1.26,
Team1,14.66,846.93,1487.10,-9.77,-0.27,-0.71,
Team1,14.66,846.92,1487.13,-9.73,-0.24,-1.14,
Team1,14.66,846.93,1487.09,-9.77,-0.08,-0.75,
Team1,14.66,846.92,1487.12,-9.77,-0.43,-0.90,
Team1,14.66,846.93,1487.11,-9.65,-0.39,-1.14,
Team1,14.66,846.93,1487.09,-9.73,-0.35,-0.82,
Team1,14.66,846.92,1487.14,-9.81,-0.35,-0.98,
Team1,14.66,846.92,1487.17,-10.16,-0.16,-0.98,
Team1,14.66,846.92,1487.14,-9.73,-0.27,-0.63,
Team1,14.66,846.92,1487.11,-9.81,-0.39,-0.94,
Team1,14.66,846.93,1487.11,-9.73,-0.27,-0.94,
Team1,14.66,846.92,1487.13,-9.73,-0.31,-0.86,
Team1,14.66,846.92,1487.16,-9.77,-0.24,-0.90,
Team1,14.65,846.92,1487.17,-9.96,-0.39,-0.67,
Team1,14.66,846.93,1487.08,-9.81,-0.27,-0.63,
Team1,14.66,846.93,1487.07,-9.73,-0.31,-0.98,
Team1,14.65,846.93,1487.10,-9.81,-0.20,-1.10,
Team1,14.65,846.92,1487.13,-9.61,-0.27,-1.14,
Team1,14.66,846.92,1487.18,-9.65,-0.27,-0.98,
Team1,14.66,846.92,1487.14,-9.77,-0.31,-1.18,
Team1,14.65,846.92,1487.12,-9.81,-0.35,-1.02,
Team1,14.65,846.92,1487.12,-9.96,-0.35,-1.06,
Team1,14.65,846.92,1487.15,-9.89,-0.24,-0.90,
Team1,14.65,846.91,1487.22,-9.85,-0.31,-0.90,
Team1,14.65,846.92,1487.19,-9.77,-0.39,-1.14,
Team1,14.65,846.92,1487.19,-9.45,-0.31,-1.02,
Team1,14.65,846.93,1487.10,-9.89,-0.39,-0.55,
Team1,14.65,846.94,1487.00,-9.77,-0.31,-1.02,
Team1,14.65,846.94,1486.97,-9.85,-0.16,-1.29,
Team1,14.65,846.94,1486.94,-9.65,-0.24,-0.94,
Team1,14.65,846.94,1486.97,-9.92,-0.20,-0.75,
Team1,14.65,846.95,1486.90,-9.81,-0.31,-1.06,
Team1,14.65,846.94,1486.93,-9.85,-0.27,-1.14,
Team1,14.66,846.94,1486.98,-9.81,-0.27,-1.14,
Team1,14.66,846.94,1487.00,-9.77,-0.39,-1.18,
Team1,14.65,846.94,1487.01,-9.73,-0.31,-1.02,
Team1,14.65,846.93,1487.04,-9.65,-0.20,-1.10,
Team1,14.65,846.93,1487.02,-9.61,-0.35,-0.94,
Team1,14.65,846.93,1487.08,-9.69,-0.24,-1.06,
Team1,14.65,846.92,1487.15,-9.77,-0.31,-0.90,
Team1,14.65,846.92,1487.16,-9.69,-0.24,-0.90,
Team1,14.65,846.92,1487.15,-9.73,-0.24,-1.02,
Team1,14.65,846.92,1487.15,-9.85,-0.35,-0.94,
Team1,14.65,846.92,1487.13,-9.61,-0.31,-0.78,
Team1,14.65,846.93,1487.11,-9.89,-0.39,-0.86,
Team1,14.65,846.93,1487.05,-9.92,-0.35,-0.94,
Team1,14.65,846.93,1487.09,-9.69,-0.04,-1.18,
Team1,14.65,846.93,1487.09,-9.89,0.12,-1.02,
Team1,14.65,846.92,1487.18,-9.81,-0.71,-1.18,
Team1,14.65,846.92,1487.14,-9.77,-0.24,-1.06,
Team1,14.65,846.93,1487.10,-9.61,-0.35,-1.10,
Team1,14.65,846.93,1487.10,-10.12,-0.08,-1.06,
Team1,14.65,846.93,1487.08,-9.53,0.27,-1.57,
Team1,14.65,846.93,1487.10,-9.69,-0.12,-0.71,
Team1,14.65,846.92,1487.12,-9.53,-0.08,-1.26,
Team1,14.65,846.92,1487.12,-9.81,-0.27,-1.06,
Team1,14.65,846.93,1487.10,-9.81,-0.16,-1.45,
Team1,14.65,846.93,1487.03,-9.69,-0.51,-1.26,
Team1,14.65,846.93,1487.05,-9.69,-0.16,-1.18,
Team1,14.65,846.94,1487.00,-9.77,0.00,-0.94,
Team1,14.65,846.93,1487.04,-9.85,0.31,-0.90,
Team1,14.65,846.93,1487.04,-10.04,-0.04,-0.98,
Team1,14.65,846.94,1487.00,-9.61,-0.20,-1.92,
Team1,14.65,846.93,1487.03,-9.81,0.04,-1.06,
Team1,14.65,846.93,1487.03,-9.73,-0.31,-1.33,
Team1,14.65,846.93,1487.03,-9.85,0.04,-1.49,
Team1,14.65,846.94,1486.99,-9.85,-0.16,-1.06,
Team1,14.65,846.94,1487.01,-9.85,-0.27,-1.22,
Team1,14.65,846.93,1487.02,-9.92,-0.08,-1.22,
Team1,14.65,846.93,1487.02,-9.81,-0.24,-0.78,
Team1,14.65,846.93,1487.09,-10.04,0.00,-1.77,
Team1,14.65,846.93,1487.11,-9.89,-0.39,-1.29,
Team1,14.65,846.93,1487.06,-9.69,-0.16,-1.61,
Team1,14.65,846.93,1487.11,-9.77,-0.31,-1.22,
Team1,14.65,846.93,1487.11,-9.65,0.20,-1.92,
Team1,14.65,846.92,1487.15,-9.69,0.12,-1.41,
Team1,14.65,846.92,1487.16,-9.73,0.12,-1.26,
Team1,14.65,846.92,1487.12,-9.57,0.00,-1.49,
Team1,14.65,846.93,1487.08,-9.81,-0.20,-0.98,
Team1,14.65,846.93,1487.08,-9.49,-0.24,-1.18,
Team1,14.65,846.93,1487.11,-9.77,-0.16,-1.06,
Team1,14.65,846.93,1487.07,-9.85,0.55,-1.14,
Team1,14.65,846.93,1487.05,-9.81,-0.31,-1.02,
Team1,14.65,846.93,1487.03,-9.77,-0.51,-0.71,
Team1,14.65,846.93,1487.05,-9.73,0.00,-1.10,
Team1,14.66,846.93,1487.03,-9.61,-0.82,-0.86,
Team1,14.66,846.93,1487.06,-9.49,-0.04,-1.33,
Team1,14.66,846.92,1487.12,-9.81,-0.20,-0.90,
Team1,14.66,846.93,1487.10,-9.77,-0.47,-0.94,
Team1,14.66,846.92,1487.13,-9.77,-0.04,-1.41,
Team1,14.66,846.92,1487.16,-9.69,-0.16,-1.14,
Team1,14.66,846.92,1487.13,-9.65,-0.35,-1.69,
Team1,14.66,846.93,1487.11,-9.73,-0.12,-1.10,
Team1,14.66,846.92,1487.12,-9.69,-0.51,-1.26,
Team1,14.66,846.92,1487.17,-9.73,-0.27,-1.22,
Team1,14.66,846.92,1487.15,-9.96,-0.39,-0.78,
Team1,14.66,846.93,1487.07,-9.65,-0.31,-1.77,
Team1,14.66,846.93,1487.06,-10.12,-0.24,-0.90,
Team1,14.66,846.93,1487.03,-9.69,-0.27,-1.02,
Team1,14.66,846.93,1487.08,-9.65,-0.35,-1.10,
Team1,14.66,846.93,1487.05,-9.69,-0.31,-0.71,
Team1,14.66,846.93,1487.04,-9.73,-0.35,-1.14,
Team1,14.66,846.93,1487.05,-9.77,-0.20,-1.18,
Team1,14.66,846.94,1486.98,-9.69,-0.35,-1.22,
Team1,14.66,846.94,1486.99,-9.81,-0.27,-1.06,
Team1,14.66,846.94,1487.00,-9.77,-0.31,-0.55,
Team1,14.66,846.94,1486.99,-9.89,-0.27,-1.37,
Team1,14.66,846.94,1487.00,-10.00,-0.35,-0.75,
Team1,14.66,846.93,1487.02,-9.69,-0.35,-1.02,
Team1,14.66,846.94,1487.01,-9.73,-0.39,-1.02,
Team1,14.66,846.93,1487.03,-9.85,-0.24,-0.78,
Team1,14.66,846.93,1487.06,-9.61,-0.35,-1.10,
Team1,14.66,846.93,1487.03,-9.85,-0.35,-0.75,
Team1,14.66,846.94,1487.01,-9.77,-0.24,-0.98,
Team1,14.66,846.93,1487.06,-9.69,-0.35,-1.14,
Team1,14.66,846.92,1487.15,-9.65,-0.20,-0.71,
Team1,14.66,846.93,1487.11,-9.77,-0.24,-1.10,
Team1,14.66,846.93,1487.10,-9.73,-0.27,-0.75,
Team1,14.66,846.93,1487.09,-9.81,-0.24,-0.94,
Team1,14.66,846.93,1487.10,-9.81,-0.90,-1.06,
Team1,14.66,846.93,1487.11,-9.81,-0.20,-0.94,
Team1,14.66,846.93,1487.02,-9.73,-0.27,-0.94,
Team1,14.66,846.93,1487.02,-9.96,-0.12,-0.98,
Team1,14.66,846.94,1487.00,-9.81,-0.27,-1.10,
Team1,14.66,846.94,1486.96,-9.61,-0.31,-0.90,
Team1,14.66,846.94,1486.94,-9.73,-0.27,-0.82,
Team1,14.66,846.94,1487.00,-9.92,-0.35,-0.94,
Team1,14.66,846.94,1486.95,-9.69,-0.43,-0.75,
Team1,14.66,846.94,1486.97,-9.77,-0.39,-0.63,
Team1,14.66,846.94,1486.96,-9.85,-0.43,-0.59,
Team1,14.66,846.94,1487.00,-9.30,-0.27,-0.98,
Team1,14.66,846.93,1487.05,-9.73,-0.43,-1.06,
Team1,14.66,846.93,1487.05,-9.77,-0.24,-1.10,
Team1,14.66,846.93,1487.05,-9.57,-0.20,-1.37,
Team1,14.66,846.93,1487.08,-9.77,-0.35,-1.41,
Team1,14.66,846.93,1487.06,-9.81,0.00,-1.65,
Team1,14.66,846.93,1487.06,-9.69,-0.55,-1.33,
Team1,14.66,846.94,1486.97,-9.69,-0.63,-1.33,
Team1,14.66,846.94,1486.99,-9.85,-0.47,-0.67,
Team1,14.66,846.94,1486.97,-9.69,-0.43,-1.18,
Team1,14.66,846.93,1487.02,-9.77,-0.31,-1.26,
Team1,14.66,846.95,1486.92,-9.69,-0.39,-0.04,
Team1,14.66,846.94,1486.92,-10.08,-0.20,-1.14,
Team1,14.66,846.95,1486.91,-9.89,-0.12,-0.67,
Team1,14.66,846.94,1486.96,-9.85,-0.24,-1.02,
Team1,14.66,846.94,1487.01,-9.96,-0.47,-0.94,
Team1,14.66,846.93,1487.08,-9.85,-0.47,-0.98,
Team1,14.66,846.93,1487.06,-9.77,-0.67,-1.18,
Team1,14.66,846.94,1486.97,-9.77,-0.12,-0.78,
Team1,14.66,846.94,1487.00,-9.81,-0.24,-1.14,
Team1,14.66,846.93,1487.03,-9.77,-0.24,-1.18,
Team1,14.67,846.93,1487.02,-9.81,0.04,-1.22,
Team1,14.66,846.94,1487.01,-9.92,-0.35,-1.41,
Team1,14.66,846.93,1487.08,-9.81,-0.16,-0.86,
Team1,14.66,846.93,1487.07,-9.81,-0.24,-1.33,
Team1,14.66,846.92,1487.13,-9.73,-0.27,-1.02,
Team1,14.66,846.92,1487.12,-9.77,-0.16,-1.02,
Team1,14.67,846.92,1487.14,-9.77,-0.31,-1.14,
Team1,14.67,846.92,1487.15,-9.53,-0.31,-0.78,
Team1,14.66,846.93,1487.08,-9.96,-0.27,-1.06,
Team1,14.66,846.94,1486.99,-9.85,-0.35,-0.75,
Team1,14.67,846.94,1487.01,-9.73,-0.24,-1.06,
Team1,14.67,846.94,1486.97,-9.69,-0.20,-0.78,
Team1,14.67,846.93,1487.02,-9.57,-0.31,-1.06,
Team1,14.67,846.94,1486.99,-9.77,-0.24,-0.86,
Team1,14.67,846.94,1487.01,-9.81,-0.27,-1.53,
Team1,14.67,846.93,1487.07,-9.73,-0.27,-1.37,
Team1,14.67,846.93,1487.06,-9.89,-0.16,-1.29,
Team1,14.67,846.93,1487.08,-9.69,-0.04,-1.49,
Team1,14.67,846.93,1487.05,-9.85,-0.55,-1.49,
Team1,14.67,846.93,1487.02,-9.77,-0.08,-1.10,
Team1,14.67,846.94,1486.98,-9.85,-0.67,-1.41,
Team1,14.67,846.94,1486.98,-9.85,-0.39,-0.98,
Team1,14.67,846.94,1486.99,-9.73,0.16,-1.10,
Team1,14.67,846.94,1486.97,-9.92,-0.59,-1.10,
Team1,14.67,846.93,1487.03,-9.77,-0.12,-1.10,
Team1,14.67,846.93,1487.05,-9.81,-0.24,-1.02,
Team1,14.67,846.93,1487.02,-9.65,-0.27,-1.26,
Team1,14.67,846.93,1487.03,-9.53,0.04,-1.61,
Team1,14.67,846.94,1486.99,-9.89,-0.39,-1.10,
Team1,14.67,846.94,1486.97,-9.73,-0.24,-1.45,
Team1,14.67,846.95,1486.91,-9.61,-0.27,-1.14,
Team1,14.67,846.94,1486.96,-9.81,-0.35,-1.22,
Team1,14.67,846.94,1486.94,-9.85,-0.20,-1.14,
Team1,14.67,846.94,1486.98,-9.69,-0.31,-1.06,
Team1,14.67,846.94,1486.98,-9.61,-0.39,-1.14,
Team1,14.67,846.94,1486.98,-9.89,-0.27,-0.71,
Team1,14.67,846.94,1487.01,-9.85,-0.20,-1.06,
Team1,14.67,846.93,1487.07,-9.89,-0.20,-1.06,
Team1,14.67,846.94,1487.01,-9.65,0.04,-1.02,
Team1,14.67,846.93,1487.05,-9.69,-0.55,-1.49,
Team1,14.67,846.93,1487.02,-9.69,-0.16,-1.26,
Team1,14.67,846.94,1487.00,-9.77,-0.24,-0.98,
Team1,14.67,846.94,1486.95,-9.49,-0.31,-1.10,
Team1,14.67,846.94,1486.95,-9.69,-0.35,-1.41,
Team1,14.67,846.94,1486.97,-9.53,-0.35,-1.02,
Team1,14.67,846.93,1487.02,-9.81,-0.43,-0.63,
Team1,14.67,846.93,1487.02,-9.89,-0.39,-0.90,
Team1,14.67,846.94,1486.99,-9.81,-0.51,-0.59,
Team1,14.67,846.94,1486.99,-9.81,-0.08,-1.10,
Team1,14.67,846.93,1487.07,-9.65,-0.08,-1.49,
Team1,14.67,846.92,1487.13,-9.69,-0.12,-1.22,
Team1,14.67,846.93,1487.10,-9.81,0.00,-1.18,
Team1,14.67,846.93,1487.09,-9.81,-0.20,-1.18,
Team1,14.67,846.93,1487.08,-9.61,-0.20,-0.82,
Team1,14.67,846.93,1487.06,-9.77,-0.16,-1.18,
Team1,14.67,846.93,1487.09,-9.77,-0.39,-1.26,
Team1,14.67,846.93,1487.03,-9.77,-0.31,-1.22,
Team1,14.67,846.94,1487.00,-9.65,-0.51,-1.22,
Team1,14.67,846.93,1487.04,-9.77,-0.39,-1.14,
Team1,14.67,846.93,1487.05,-9.81,-0.27,-1.10,
Team1,14.67,846.92,1487.11,-9.73,-0.55,-1.29,
Team1,14.67,846.92,1487.15,-9.69,0.12,-1.29,
Team1,14.67,846.92,1487.11,-9.77,-0.04,-1.26,
Team1,14.67,846.93,1487.08,-9.61,-0.12,-1.41,
Team1,14.67,846.93,1487.03,-9.73,0.04,-1.29,
Team1,14.67,846.94,1487.00,-9.61,-0.55,-1.14,
Team1,14.67,846.93,1487.07,-9.65,0.04,-0.82,
Team1,14.67,846.93,1487.06,-9.73,-0.12,-1.22,
Team1,14.67,846.93,1487.08,-9.38,-0.59,-0.71,
Team1,14.67,846.93,1487.07,-9.85,-0.43,-0.98,
Team1,14.67,846.93,1487.05,-9.73,-0.63,-0.82,
Team1,14.67,846.93,1487.10,-9.65,-0.78,-0.94,
Team1,14.67,846.92,1487.15,-9.81,-0.31,-0.90,
Team1,14.68,846.94,1486.97,-9.69,-0.31,-1.18,
Team1,14.68,846.94,1486.97,-9.89,-0.04,-0.86,
Team1,14.68,846.93,1487.09,-9.89,-0.31,-1.29,
Team1,14.68,846.93,1487.02,-9.81,-0.35,-1.49,
Team1,14.68,846.93,1487.05,-9.81,-0.27,-0.94,
Team1,14.68,846.93,1487.02,-9.77,-0.39,-1.22,
Team1,14.68,846.93,1487.04,-9.73,-0.43,-0.98,
Team1,14.68,846.93,1487.08,-9.85,-0.31,-0.78,
Team1,14.68,846.93,1487.05,-9.81,-0.51,-0.86,
Team1,14.68,846.94,1487.00,-9.92,-0.39,-0.71,
Team1,14.68,846.93,1487.02,-9.73,-0.35,-0.78,
Team1,14.68,846.93,1487.03,-9.61,-0.39,-0.90,
Team1,14.68,846.93,1487.02,-9.65,-0.16,-0.94,
Team1,14.68,846.93,1487.05,-9.81,-0.27,-0.98,
Team1,14.68,846.94,1486.93,-9.85,-0.39,-1.06,
Team1,14.68,846.94,1486.97,-9.81,-0.16,-1.14,
Team1,14.68,846.94,1486.98,-9.85,-0.31,-1.10,
Team1,14.68,846.94,1486.95,-9.77,-0.39,-1.02,
Team1,14.68,846.94,1486.98,-9.73,-0.39,-0.94,
Team1,14.68,846.93,1487.05,-9.77,-0.47,-1.14,
Team1,14.68,846.94,1487.01,-9.73,-0.27,-0.94,
Team1,14.68,846.93,1487.05,-9.85,-0.39,-0.78,
Team1,14.68,846.94,1487.02,-10.08,-0.47,-0.94,
Team1,14.68,846.93,1487.09,-9.77,-0.35,-1.02,
Team1,14.68,846.93,1487.02,-9.73,-0.27,-0.94,
Team1,14.68,846.93,1487.02,-9.77,-0.24,-0.94,
Team1,14.68,846.93,1487.02,-9.89,-0.27,-0.59,
Team1,14.68,846.93,1487.07,-9.77,-0.35,-1.10,
Team1,14.68,846.93,1487.07,-9.81,-0.31,-1.14,
Team1,14.68,846.92,1487.13,-9.69,-0.43,-1.22,
Team1,14.68,846.93,1487.08,-9.85,-0.35,-0.94,
Team1,14.68,846.93,1487.08,-9.92,-0.27,-1.10,
Team1,14.68,846.93,1487.06,-9.85,-0.31,-0.94,
Team1,14.68,846.93,1487.02,-9.73,-0.35,-0.94,
Team1,14.68,846.94,1486.98,-9.73,-0.31,-0.94,
Team1,14.68,846.94,1486.94,-9.65,-0.27,-1.10,
Team1,14.68,846.94,1486.94,-9.81,-0.31,-1.14,
Team1,14.68,846.94,1486.94,-9.73,-0.16,-1.18,
Team1,14.68,846.94,1486.99,-10.04,-0.43,-0.47,
Team1,14.68,846.94,1486.98,-9.69,-0.35,-1.18,
Team1,14.68,846.95,1486.91,-9.73,-0.31,-0.78,
Team1,14.68,846.94,1486.92,-9.89,-0.39,-0.75,
Team1,14.68,846.94,1486.99,-9.77,-0.04,-1.41,
Team1,14.69,846.93,1487.05,-9.49,-0.39,-0.39,
Team1,14.68,846.93,1487.05,-9.49,-0.98,-0.98,
Team1,14.68,846.93,1487.09,-9.77,-0.43,-0.71,
Team1,14.69,846.93,1487.06,-9.85,-0.47,-0.31,
Team1,14.69,846.94,1487.00,-9.65,-0.08,-1.18,
Team1,14.69,846.93,1487.02,-9.69,0.00,-0.86,
Team1,14.69,846.93,1487.06,-9.69,-0.16,-0.98,
Team1,14.69,846.93,1487.06,-9.77,-0.20,-0.82,
Team1,14.69,846.94,1486.99,-9.73,-0.31,-1.06,
Team1,14.69,846.94,1486.96,-9.89,-0.31,-0.82,
Team1,14.69,846.94,1486.93,-9.81,-0.24,-0.63,
Team1,14.69,846.95,1486.89,-9.92,-0.39,-1.61,
Team1,14.69,846.95,1486.90,-10.04,-0.43,-0.31,
Team1,14.69,846.95,1486.92,-9.77,-0.27,-1.14,
Team1,14.69,846.94,1486.97,-9.89,-0.55,-1.37,
Team1,14.69,846.94,1487.01,-9.77,-0.43,-0.59,
Team1,14.69,846.93,1487.05,-9.77,-0.35,-1.02,
Team1,14.69,846.93,1487.06,-9.92,-0.59,-0.86,
Team1,14.69,846.93,1487.06,-9.77,-0.39,-0.82,
Team1,14.69,846.93,1487.03,-9.77,-0.39,-1.22,
Team1,14.69,846.94,1486.96,-9.85,-0.27,-1.41,
Team1,14.69,846.94,1486.94,-9.69,-0.20,-0.51,
Team1,14.69,846.94,1486.95,-9.89,-0.67,-0.94,
Team1,14.69,846.94,1486.92,-9.73,-0.35,-1.22,
Team1,14.69,846.94,1486.94,-9.77,-0.20,-0.98,
Team1,14.69,846.95,1486.88,-9.77,-0.47,-1.22,
Team1,14.69,846.95,1486.91,-9.73,-0.35,-0.94,
Team1,14.69,846.94,1486.95,-9.77,-0.35,-0.94,
Team1,14.69,846.94,1486.99,-9.85,-0.59,-1.37,
Team1,14.69,846.94,1487.01,-9.73,-0.27,-1.37,
Team1,14.69,846.93,1487.03,-9.81,-0.39,-1.18,
Team1,14.69,846.93,1487.07,-9.85,-0.35,-0.94,
Team1,14.69,846.93,1487.05,-9.69,-0.27,-1.02,
Team1,14.69,846.94,1486.98,-9.73,-0.35,-0.86,
Team1,14.69,846.94,1486.93,-9.81,-0.43,-1.02,
Team1,14.69,846.94,1486.98,-9.73,-0.31,-1.10,
Team1,14.69,846.93,1487.03,-9.89,-0.43,-1.33,
Team1,14.69,846.93,1487.08,-9.77,-0.35,-0.94,
Team1,14.69,846.93,1487.05,-9.81,-0.39,-1.02,
Team1,14.69,846.94,1486.95,-9.85,-0.39,-0.90,
Team1,14.70,846.94,1486.99,-9.92,-0.27,-0.90,
Team1,14.69,846.94,1486.98,-9.85,-0.31,-0.90,
Team1,14.70,846.94,1486.96,-9.77,-0.35,-0.94,
Team1,14.70,846.94,1486.96,-9.77,-0.39,-0.98,
Team1,14.70,846.94,1486.99,-9.77,-0.39,-1.02,
Team1,14.70,846.93,1487.03,-9.81,-0.27,-1.10,
Team1,14.70,846.93,1487.06,-9.73,-0.43,-0.94,
Team1,14.70,846.93,1487.09,-9.77,-0.31,-1.45,
Team1,14.70,846.92,1487.13,-9.81,-0.31,-1.29,
Team1,14.70,846.92,1487.14,-9.77,-0.35,-0.94,
Team1,14.70,846.92,1487.14,-9.85,-0.31,-0.98,
Team1,14.70,846.93,1487.06,-9.81,-0.35,-1.02,
Team1,14.70,846.92,1487.14,-9.85,-0.43,-1.37,
Team1,14.70,846.92,1487.19,-9.81,-0.31,-0.94,
Team1,14.70,846.92,1487.17,-9.73,-0.31,-1.02,
Team1,14.70,846.92,1487.17,-9.73,-0.27,-1.06,
Team1,14.70,846.92,1487.13,-9.77,-0.39,-1.02,
Team1,14.70,846.93,1487.06,-9.77,-0.31,-0.98,
Team1,14.70,846.94,1487.01,-9.89,-0.27,-0.98,
Team1,14.70,846.94,1486.99,-9.92,-0.31,-1.26,
Team1,14.70,846.93,1487.02,-10.00,-0.43,-0.71,
Team1,14.70,846.94,1486.99,-9.69,-0.31,-0.94,
Team1,14.70,846.93,1487.06,-9.81,-0.39,-1.02,
Team1,14.70,846.93,1487.09,-9.73,-0.31,-0.90,
Team1,14.70,846.93,1487.05,-9.85,-0.35,-0.86,
Team1,14.70,846.93,1487.10,-9.89,-0.31,-1.33,
Team1,14.70,846.93,1487.11,-9.81,-0.35,-0.90,
Team1,14.70,846.93,1487.11,-9.65,-0.43,-0.82,
Team1,14.70,846.93,1487.03,-9.57,-0.47,-1.14,
Team1,14.70,846.93,1487.04,-9.73,-0.43,-0.86,
Team1,14.70,846.93,1487.08,-9.85,-0.39,-0.90,
Team1,14.70,846.93,1487.10,-9.77,-0.31,-1.02,
Team1,14.70,846.93,1487.06,-9.77,-0.27,-1.22,
Team1,14.70,846.93,1487.05,-9.85,-0.39,-0.90,
Team1,14.70,846.93,1487.02,-9.73,-0.35,-0.90,
Team1,14.70,846.93,1487.10,-9.92,-0.35,-0.67,
Team1,14.70,846.93,1487.04,-9.65,-0.39,-1.14,
Team1,14.70,846.92,1487.13,-9.73,-0.43,-1.06,
Team1,14.70,846.92,1487.11,-9.85,-0.39,-0.98,
Team1,14.71,846.93,1487.09,-9.69,-0.35,-1.10,
Team1,14.71,846.94,1486.96,-9.81,-0.35,-1.06,
Team1,14.71,846.94,1486.98,-9.85,-0.27,-0.94,
Team1,14.71,846.94,1487.00,-9.73,-0.39,-1.02,
Team1,14.71,846.93,1487.09,-9.89,-0.16,-1.26,
Team1,14.71,846.93,1487.06,-9.77,-0.43,-0.82,
Team1,14.71,846.93,1487.05,-9.73,-0.47,-1.02,
Team1,14.71,846.93,1487.03,-9.85,-0.24,-0.75,
Team1,14.71,846.93,1487.03,-9.81,-0.27,-1.14,
Team1,14.71,846.93,1487.03,-9.53,-0.47,-1.02,
Team1,14.71,846.93,1487.02,-9.81,-0.31,-1.10,
Team1,14.71,846.93,1487.04,-9.85,-0.39,-0.94,
Team1,14.71,846.94,1487.01,-9.85,-0.35,-1.02,
Team1,14.71,846.94,1486.97,-9.77,-0.31,-0.90,
Team1,14.71,846.94,1487.00,-9.77,-0.39,-1.06,
Team1,14.71,846.93,1487.04,-9.77,-0.35,-0.78,
Team1,14.71,846.93,1487.10,-9.77,-0.35,-1.10,
Team1,14.71,846.93,1487.05,-9.85,-0.35,-1.06,
Team1,14.71,846.93,1487.05,-9.61,-0.31,-0.94,
Team1,14.71,846.93,1487.05,-9.77,-0.27,-0.75,
Team1,14.71,846.93,1487.06,-9.73,-0.35,-1.10,
Team1,14.71,846.93,1487.08,-9.77,-0.27,-1.14,
Team1,14.71,846.94,1487.00,-9.92,-0.31,-0.75,
Team1,14.71,846.94,1487.00,-9.77,-0.39,-0.98,
Team1,14.71,846.94,1486.94,-9.73,-0.47,-1.06,
Team1,14.71,846.95,1486.91,-9.77,-0.35,-1.10,
Team1,14.71,846.95,1486.88,-9.77,-0.39,-1.22,
Team1,14.71,846.95,1486.91,-9.85,-0.47,-0.94,
Team1,14.71,846.94,1486.92,-9.81,-0.39,-1.18,
Team1,14.71,846.94,1486.96,-9.77,-0.27,-1.02,
Team1,14.72,846.95,1486.88,-9.85,-0.31,-1.02,
Team1,14.72,846.95,1486.91,-9.85,-0.35,-1.14,
Team1,14.71,846.93,1487.02,-9.81,-0.35,-1.06,
Team1,14.71,846.93,1487.05,-9.77,-0.35,-1.10,
Team1,14.71,846.93,1487.08,-9.61,-0.55,-0.55,
Team1,14.71,846.94,1487.00,-9.81,-0.31,-0.78,
Team1,14.72,846.94,1486.99,-9.81,-0.39,-1.18,
Team1,14.72,846.93,1487.04,-9.69,-0.39,-0.67,
Team1,14.72,846.94,1486.97,-9.85,-0.35,-0.51,
Team1,14.72,846.94,1486.94,-9.85,-0.27,-0.94,
Team1,14.72,846.94,1486.98,-9.77,-0.31,-1.02,
Team1,14.72,846.94,1487.00,-9.65,-0.35,-0.78,
Team1,14.72,846.93,1487.03,-9.77,-0.43,-0.86,
Team1,14.72,846.93,1487.08,-9.81,-0.35,-1.06,
Team1,14.72,846.93,1487.11,-9.41,-0.39,-1.65,
Team1,14.72,846.93,1487.04,-9.81,-0.39,-0.47,
Team1,14.72,846.94,1487.00,-9.73,-0.27,-1.14,
Team1,14.72,846.93,1487.04,-9.77,-0.35,-0.78,
Team1,14.72,846.93,1487.11,-9.61,-0.27,-0.90,
Team1,14.72,846.92,1487.16,-9.81,-0.35,-1.02,
Team1,14.72,846.93,1487.10,-9.73,-0.27,-1.02,
Team1,14.72,846.93,1487.05,-9.69,-0.20,-0.94,
Team1,14.72,846.93,1487.06,-9.81,-0.43,-1.02,
Team1,14.72,846.93,1487.06,-10.08,-0.35,-0.43,
Team1,14.72,846.94,1487.01,-9.77,-0.39,-1.18,
Team1,14.72,846.94,1486.97,-9.89,-0.39,-1.18,
Team1,14.72,846.94,1486.98,-9.65,-0.35,-1.06,
Team1,14.72,846.93,1487.04,-9.77,-0.35,-0.98,
Team1,14.72,846.93,1487.05,-9.69,-0.43,-1.02,
Team1,14.72,846.94,1486.98,-9.73,-0.39,-0.94,
Team1,14.72,846.94,1486.97,-9.85,-0.35,-1.06,
Team1,14.72,846.94,1487.01,-9.81,-0.51,-0.39,
Team1,14.72,846.94,1486.94,-9.77,-0.47,-1.22,
Team1,14.72,846.94,1486.93,-9.85,-0.31,-0.86,
Team1,14.72,846.94,1486.98,-9.81,-0.31,-0.86,
Team1,14.72,846.93,1487.04,-9.85,-0.51,-0.94,
Team1,14.72,846.93,1487.09,-9.73,-0.31,-0.90,
Team1,14.72,846.93,1487.08,-9.81,-0.31,-1.10,
Team1,14.72,846.93,1487.06,-9.81,-0.31,-1.06,
Team1,14.72,846.94,1486.97,-9.96,-0.27,-0.98,
Team1,14.72,846.94,1487.01,-9.85,-0.39,-0.90,
Team1,14.72,846.93,1487.04,-9.77,-0.31,-0.94,
Team1,14.72,846.94,1487.00,-9.69,-0.35,-1.26,
Team1,14.72,846.93,1487.05,-9.85,-0.35,-1.10,
Team1,14.72,846.94,1486.95,-9.92,-0.47,-1.22,
Team1,14.72,846.94,1486.94,-9.73,-0.31,-1.33,
Team1,14.72,846.94,1486.99,-9.69,-0.31,-0.90,
Team1,14.72,846.94,1486.94,-9.65,-0.39,-0.78,
Team1,14.72,846.94,1486.98,-9.81,-0.27,-0.98,
Team1,14.73,846.94,1487.01,-9.77,-0.39,-0.98,
Team1,14.73,846.93,1487.02,-9.73,-0.35,-0.75,
Team1,14.73,846.94,1486.97,-9.61,-0.39,-0.78,
Team1,14.73,846.94,1486.97,-9.69,-0.31,-1.14,
Team1,14.73,846.93,1487.03,-9.81,-0.35,-1.14,
Team1,14.73,846.92,1487.12,-9.81,-0.27,-0.90,
Team1,14.73,846.93,1487.03,-9.85,-0.47,-0.86,
Team1,14.73,846.93,1487.03,-9.85,-0.35,-1.10,
Team1,14.73,846.93,1487.05,-9.73,-0.39,-0.94,
Team1,14.73,846.93,1487.05,-9.57,-0.47,-0.86,
Team1,14.73,846.93,1487.05,-9.73,-0.35,-0.94,
Team1,14.73,846.94,1486.99,-9.73,-0.39,-0.98,
Team1,14.73,846.94,1486.99,-9.81,-0.39,-0.75,
Team1,14.73,846.93,1487.02,-9.96,-0.43,-0.90,
Team1,14.73,846.93,1487.07,-9.73,-0.43,-0.75,
Team1,14.73,846.93,1487.06,-9.85,-0.35,-0.90,
Team1,14.73,846.94,1487.00,-9.81,-0.43,-1.06,
Team1,14.73,846.94,1486.98,-9.65,-0.31,-0.98,
Team1,14.73,846.93,1487.06,-9.77,-0.43,-0.94,
Team1,14.73,846.93,1487.03,-9.69,-0.35,-1.02,
Team1,14.73,846.94,1487.00,-9.57,-0.35,-0.78,
Team1,14.73,846.94,1486.98,-9.61,-0.24,-1.06,
Team1,14.73,846.94,1486.97,-9.81,-0.31,-0.98,
Team1,14.73,846.95,1486.89,-9.89,-0.39,-1.14,
Team1,14.73,846.95,1486.85,-9.77,-0.35,-0.82,
Team1,14.73,846.95,1486.83,-9.73,-0.43,-0.47,
Team1,14.73,846.94,1486.95,-9.73,-0.39,-0.94,
Team1,14.73,846.93,1487.08,-9.81,-0.35,-0.94,
Team1,14.74,846.93,1487.10,-9.92,-0.27,-0.98,
Team1,14.74,846.93,1487.08,-9.81,-0.39,-0.98,
Team1,14.74,846.93,1487.07,-9.81,-0.31,-1.02,
Team1,14.74,846.93,1487.04,-9.85,-0.59,-0.90,
Team1,14.74,846.93,1487.06,-10.00,-0.31,-1.10,
Team1,14.74,846.93,1487.07,-9.73,-0.35,-1.06,
Team1,14.74,846.93,1487.06,-9.73,-0.35,-1.06,
Team1,14.74,846.93,1487.07,-9.61,-0.31,-1.10,
Team1,14.74,846.93,1487.03,-9.65,-0.39,-1.02,
Team1,14.74,846.93,1487.07,-9.73,-0.47,-1.18,
Team1,14.74,846.93,1487.05,-9.81,-0.35,-0.78,
Team1,14.74,846.93,1487.05,-9.77,-0.31,-1.02,
Team1,14.74,846.93,1487.04,-9.81,-0.31,-0.82,
Team1,14.74,846.93,1487.10,-9.89,-0.47,-0.86,
Team1,14.74,846.92,1487.15,-9.85,-0.35,-1.37,
Team1,14.74,846.93,1487.05,-9.85,-0.35,-1.10,
Team1,14.74,846.93,1487.06,-9.81,-0.27,-0.94,
Team1,14.74,846.94,1486.98,-9.81,-0.24,-0.82,
Team1,14.74,846.93,1487.03,-9.85,-0.43,-0.98,
Team1,14.74,846.93,1487.07,-9.81,-0.43,-1.02,
Team1,14.74,846.93,1487.04,-9.57,-0.39,-0.98,
Team1,14.74,846.93,1487.06,-9.69,-0.43,-0.86,
Team1,14.75,846.93,1487.02,-9.85,-0.43,-1.14,
Team1,14.75,846.94,1487.01,-9.81,-0.31,-0.90,
Team1,14.75,846.94,1487.00,-9.81,-0.39,-0.90,
Team1,14.75,846.94,1486.98,-9.77,-0.43,-1.14,
Team1,14.75,846.93,1487.02,-9.81,-0.35,-0.98,
Team1,14.75,846.93,1487.04,-9.77,-0.47,-1.06,
Team1,14.75,846.93,1487.07,-9.73,-0.31,-1.29,
Team1,14.75,846.94,1487.00,-9.85,-0.35,-0.94,
Team1,14.75,846.93,1487.04,-9.77,-0.43,-1.02,
Team1,14.75,846.93,1487.07,-9.89,-0.39,-0.71,
Team1,14.75,846.93,1487.04,-10.12,-0.27,-0.82,
Team1,14.75,846.93,1487.10,-9.77,-0.43,-1.10,
Team1,14.75,846.93,1487.02,-9.77,-0.31,-1.02,
Team1,14.75,846.93,1487.02,-9.77,-0.35,-1.06,
Team1,14.75,846.94,1487.01,-9.77,-0.35,-1.10,
Team1,14.75,846.93,1487.08,-9.85,-0.24,-1.06,
Team1,14.75,846.93,1487.06,-9.73,-0.43,-1.02,
Team1,14.75,846.93,1487.04,-9.81,-0.31,-1.02,
Team1,14.75,846.94,1487.01,-9.77,-0.31,-0.63,
Team1,14.75,846.93,1487.03,-9.96,-0.47,-0.82,
Team1,14.75,846.93,1487.09,-9.85,-0.35,-1.02,
Team1,14.76,846.94,1486.99,-9.85,-0.39,-0.90,
Team1,14.76,846.94,1486.99,-9.57,-0.51,-1.22,
Team1,14.76,846.93,1487.02,-9.85,-0.39,-0.94,
Team1,14.76,846.93,1487.07,-9.85,-0.20,-1.02,
Team1,14.76,846.93,1487.08,-9.73,-0.35,-0.94,
Team1,14.76,846.93,1487.05,-9.53,-0.47,-1.29,
Team1,14.76,846.93,1487.02,-9.85,-0.31,-1.06,
Team1,14.76,846.93,1487.06,-9.77,-0.35,-0.90,
Team1,14.76,846.93,1487.07,-9.96,-0.43,-1.02,
Team1,14.76,846.93,1487.06,-9.92,-0.27,-0.90,
Team1,14.76,846.93,1487.03,-9.89,-0.43,-1.02,
Team1,14.76,846.93,1487.09,-9.77,-0.39,-1.06,
Team1,14.76,846.93,1487.02,-9.73,-0.31,-1.06,
Team1,14.76,846.92,1487.14,-9.85,-0.35,-1.10,
Team1,14.76,846.93,1487.08,-9.73,-0.43,-1.10,
Team1,14.76,846.93,1487.08,-7.73,-2.59,-2.12,
Team1,14.76,846.94,1486.93,-10.51,-0.63,-2.08,
Team1,14.76,846.94,1486.98,-71.31,-2.08,-5.45,
Team1,14.76,846.88,1487.50,-79.94,-1.29,-29.11,
Team1,14.76,846.56,1490.61,-70.02,-0.04,-8.83,
Team1,14.76,846.15,1494.58,-60.45,-0.67,-9.45,
Team1,14.76,845.64,1499.48,-56.09,0.24,-5.02,
Team1,14.76,844.98,1505.89,-51.15,-1.10,-5.45,
Team1,14.76,844.24,1512.97,-46.17,-1.18,-3.96,
Team1,14.76,843.41,1521.01,-45.46,0.35,-4.31,
Team1,14.75,842.51,1529.75,-40.95,-1.02,-3.73,
Team1,14.75,841.52,1539.30,-39.07,-2.82,-3.10,
Team1,14.75,840.44,1549.69,-38.25,-4.12,-4.16,
Team1,14.75,839.28,1560.95,-4.04,-0.55,0.39,
Team1,14.75,838.29,1570.62,20.24,5.33,-5.37,
Team1,14.75,837.67,1576.61,17.73,-3.80,0.55,
Team1,14.73,836.38,1589.10,15.65,-4.04,1.77,
Team1,14.72,835.63,1596.45,14.47,-2.94,1.45,
Team1,14.72,834.85,1604.07,13.30,-3.26,1.41,
Team1,14.72,834.04,1611.97,11.96,-2.43,0.98,
Team1,14.72,833.23,1619.83,11.10,-2.31,0.78,
Team1,14.72,832.44,1627.55,9.65,-2.16,0.24,
Team1,14.72,831.67,1635.06,8.90,-1.49,0.75,
Team1,14.72,830.92,1642.34,7.85,-1.96,0.71,
Team1,14.72,830.23,1649.11,7.37,-1.29,-0.16,
Team1,14.72,829.52,1656.06,6.47,-1.84,0.55,
Team1,14.72,828.85,1662.67,5.84,-1.49,0.75,
Team1,14.72,828.18,1669.16,5.26,-1.14,0.39,
Team1,14.72,826.91,1681.68,4.20,-0.82,0.04,
Team1,14.72,826.30,1687.60,3.77,-0.67,0.47,
Team1,14.72,825.72,1693.32,3.53,-0.86,0.35,
Team1,14.72,825.16,1698.81,2.90,-0.86,0.67,
Team1,14.72,824.64,1703.97,2.47,-0.71,0.43,
Team1,14.72,824.13,1709.02,2.20,-0.47,0.24,
Team1,14.72,823.17,1718.41,1.73,-0.63,0.12,
Team1,14.72,822.73,1722.75,1.92,-0.47,-0.04,
Team1,14.72,822.32,1726.82,1.37,-0.39,0.24,
Team1,14.72,821.93,1730.65,1.02,-0.35,0.20,
Team1,14.72,821.22,1737.61,0.94,-0.51,0.59,
Team1,14.72,820.90,1740.78,0.78,-0.39,0.20,
Team1,14.72,820.61,1743.66,0.59,-0.27,-0.04,
Team1,14.72,820.33,1746.45,0.35,-0.24,0.20,
Team1,14.72,820.06,1749.07,0.47,-0.31,0.16,
Team1,14.72,819.83,1751.39,0.16,-0.39,0.24,
Team1,14.72,819.62,1753.48,0.08,-0.20,-0.04,
Team1,14.72,819.42,1755.43,0.00,-0.08,-0.08,
Team1,14.72,819.25,1757.16,0.12,-0.20,-0.16,
Team1,14.72,819.09,1758.72,-0.04,-0.12,-0.04,
Team1,14.71,818.95,1760.06,-0.20,-0.16,-0.24,
Team1,14.71,818.83,1761.25,-0.16,-0.20,-0.51,
Team1,14.71,818.73,1762.30,-2.51,0.16,0.82,
Team1,14.71,818.74,1762.15,-1.92,-0.24,0.86,
Team1,14.71,818.65,1763.02,2.31,3.30,-1.88,
Team1,14.70,818.58,1763.79,17.57,-1.26,0.55,
Team1,14.69,818.52,1764.31,0.47,1.61,0.00,
Team1,14.68,818.49,1764.67,0.67,-0.59,2.04,
Team1,14.68,818.46,1764.92,3.88,0.67,2.04,
Team1,14.67,818.43,1765.25,10.00,-2.35,2.75,
Team1,14.67,818.44,1765.12,27.46,-8.83,1.06,
Team1,14.67,818.49,1764.68,23.81,0.24,7.88,
Team1,14.67,818.54,1764.15,0.67,-4.90,-0.63,
Team1,14.67,818.57,1763.87,5.69,0.35,4.51,
Team1,14.67,818.66,1762.97,18.40,0.59,3.53,
Team1,14.66,818.71,1762.43,22.08,-8.00,5.88,
Team1,14.66,818.78,1761.80,9.14,-0.55,5.30,
Team1,14.66,818.82,1761.35,-0.55,-5.69,2.59,
Team1,14.66,818.89,1760.71,1.77,1.26,2.98,
Team1,14.65,818.93,1760.25,17.69,-1.37,5.84,
Team1,14.65,819.00,1759.59,15.22,-3.37,5.96,
Team1,14.65,819.07,1758.93,5.22,1.53,1.33,
Team1,14.65,819.12,1758.38,12.47,-4.16,1.22,
Team1,14.64,819.19,1757.75,11.26,-1.65,4.16,
Team1,14.64,819.24,1757.17,9.18,1.06,1.45,
Team1,14.64,819.30,1756.65,9.53,-0.67,1.80,
Team1,14.64,819.35,1756.12,8.90,-1.29,1.53,
Team1,14.63,819.40,1755.61,11.96,-0.04,3.84,
Team1,14.63,819.46,1755.01,9.26,-0.75,1.49,
Team1,14.63,819.52,1754.42,10.40,-0.24,2.47,
Team1,14.63,819.58,1753.85,10.51,-1.22,2.94,
Team1,14.63,819.65,1753.20,8.24,-0.31,1.29,
Team1,14.62,819.70,1752.68,11.77,-0.63,2.75,
Team1,14.62,819.76,1752.11,9.89,-1.37,1.80,
Team1,14.62,819.81,1751.60,8.75,0.16,2.20,
Team1,14.62,819.87,1751.00,10.28,-0.67,2.08,
Team1,14.62,819.92,1750.45,10.00,-0.71,2.28,
Team1,14.61,819.98,1749.93,11.10,-0.86,1.41,
Team1,14.61,820.04,1749.32,9.30,-0.47,1.77,
Team1,14.61,820.10,1748.77,11.26,-0.51,2.59,
Team1,14.61,820.16,1748.17,11.73,-0.86,2.71,
Team1,14.60,820.21,1747.61,7.30,0.04,1.33,
Team1,14.60,820.26,1747.10,9.45,0.08,2.20,
Team1,14.60,820.31,1746.60,8.67,-0.20,1.88,
Team1,14.60,820.37,1746.10,11.61,-0.04,2.51,
Team1,14.60,820.44,1745.41,11.30,-0.39,2.39,
Team1,14.59,820.49,1744.86,8.90,-0.31,1.92,
Team1,14.59,820.55,1744.29,11.69,-0.90,2.47,
Team1,14.59,820.61,1743.70,9.34,-0.43,2.43,
Team1,14.59,820.66,1743.15,10.79,-0.86,2.39,
Team1,14.58,820.73,1742.54,10.40,-1.37,2.39,
Team1,14.58,820.78,1741.99,7.85,-0.35,1.80,
Team1,14.58,820.84,1741.45,10.55,-0.55,2.63,
Team1,14.58,820.90,1740.86,9.38,-0.90,2.35,
Team1,14.57,820.95,1740.28,11.41,-0.35,2.75,
Team1,14.57,821.01,1739.69,11.30,-0.31,2.35,
Team1,14.57,821.07,1739.18,7.41,-0.51,1.53,
Team1,14.56,821.12,1738.62,10.63,-0.98,2.79,
Team1,14.56,821.19,1738.00,10.87,-1.10,2.67,
Team1,14.56,821.24,1737.51,11.30,0.16,2.24,
Team1,14.56,821.28,1737.03,9.61,-0.43,2.75,
Team1,14.56,821.33,1736.55,8.94,-0.35,1.45,
Team1,14.55,821.39,1736.00,12.63,-0.94,3.41,
Team1,14.55,821.44,1735.52,9.69,-0.63,2.04,
Team1,14.55,821.49,1735.00,9.38,0.71,2.12,
Team1,14.55,821.54,1734.49,9.45,0.20,2.24,
Team1,14.54,821.59,1733.96,11.57,-1.22,2.98,
Team1,14.54,821.71,1732.80,7.18,0.00,1.69,
Team1,14.54,821.76,1732.34,9.02,0.55,1.02,
Team1,14.53,821.81,1731.88,8.79,0.20,1.92,
Team1,14.53,821.85,1731.41,12.75,-1.10,3.06,
Team1,14.53,821.92,1730.78,10.90,-1.29,2.67,
Team1,14.53,821.97,1730.29,7.45,-0.75,1.26,
Team1,14.53,822.03,1729.71,10.40,-0.43,2.51,
Team1,14.52,822.08,1729.18,8.94,-0.24,2.43,
Team1,14.52,822.13,1728.66,10.24,0.04,2.55,
Team1,14.52,822.18,1728.22,10.71,-1.22,2.28,
Team1,14.51,822.24,1727.64,9.85,-0.71,2.31,
Team1,14.51,822.28,1727.17,10.59,-1.14,2.24,
Team1,14.51,822.34,1726.61,10.32,0.00,2.71,
Team1,14.51,822.39,1726.09,10.08,-0.43,1.80,
Team1,14.50,822.44,1725.58,9.26,-0.39,1.14,
Team1,14.50,822.50,1725.00,8.67,-0.78,2.04,
Team1,14.50,822.56,1724.47,11.85,-1.49,3.10,
Team1,14.50,822.62,1723.88,8.63,-1.26,2.43,
Team1,14.49,822.73,1722.78,10.20,-0.67,2.51,
Team1,14.49,822.78,1722.24,8.55,-0.51,2.28,
Team1,14.49,822.83,1721.74,12.20,-0.67,2.79,
Team1,14.48,822.89,1721.23,11.02,-0.75,3.18,
Team1,14.48,822.95,1720.64,9.45,-0.75,1.96,
Team1,14.48,823.00,1720.06,8.16,0.43,1.10,
Team1,14.48,823.05,1719.61,10.94,-0.12,2.12,
Team1,14.47,823.10,1719.10,13.53,-0.27,3.57,
Team1,14.47,823.15,1718.59,8.47,0.51,1.77,
Team1,14.47,823.21,1718.06,9.41,-0.47,1.18,
Team1,14.47,823.26,1717.55,8.39,0.27,2.51,
Team1,14.46,823.31,1717.02,12.40,-0.75,3.10,
Team1,14.46,823.37,1716.46,11.69,-0.86,3.22,
Team1,14.46,823.43,1715.88,8.36,-1.29,1.49,
Team1,14.46,823.48,1715.43,11.61,-0.08,2.67,
Team1,14.45,823.54,1714.80,9.18,-1.45,2.51,
Team1,14.45,823.59,1714.29,8.75,-0.71,2.31,
Team1,14.45,823.64,1713.81,9.57,-0.63,2.59,
Team1,14.44,823.69,1713.26,7.02,0.27,1.53,
Team1,14.44,823.74,1712.79,12.51,-0.43,2.55,
Team1,14.44,823.80,1712.25,10.12,-0.75,2.55,
Team1,14.44,823.85,1711.70,12.00,-0.12,2.67,
Team1,14.44,823.91,1711.19,9.96,-0.04,2.47,
Team1,14.43,823.96,1710.62,10.40,-0.98,1.88,
Team1,14.43,824.02,1710.04,10.67,-0.39,1.84,
Team1,14.43,824.07,1709.56,8.12,-0.24,2.55,
Team1,14.43,824.12,1709.04,12.87,-0.67,2.86,
Team1,14.42,824.18,1708.45,8.83,-0.47,2.28,
Team1,14.42,824.24,1707.89,8.94,-1.02,2.39,
Team1,14.42,824.29,1707.39,10.94,-0.08,2.82,
Team1,14.42,824.35,1706.84,7.69,-0.43,1.84,
Team1,14.42,824.41,1706.23,11.34,-1.18,1.49,
Team1,14.41,824.46,1705.75,8.94,-0.20,2.59,
Team1,14.41,824.52,1705.13,11.77,-0.47,2.24,
Team1,14.41,824.57,1704.66,11.14,-0.71,2.35,
Team1,14.40,824.63,1704.06,7.26,-1.26,1.80,
Team1,14.40,824.69,1703.50,10.90,-0.71,3.10,
Team1,14.40,824.75,1702.90,10.51,-0.55,2.59,
Team1,14.40,824.80,1702.41,9.69,-0.39,1.96,
Team1,14.40,824.85,1701.92,9.96,0.24,2.04,
Team1,14.39,824.90,1701.38,8.71,-0.04,2.16,
Team1,14.39,824.96,1700.81,13.49,0.04,2.86,
Team1,14.39,825.02,1700.20,9.49,0.20,2.08,
Team1,14.39,825.08,1699.63,12.00,0.20,1.92,
Team1,14.39,825.14,1699.04,10.04,0.75,1.80,
Team1,14.38,825.20,1698.47,12.04,-1.26,3.02,
Team1,14.38,825.25,1697.95,12.63,-0.51,2.31,
Team1,14.38,825.31,1697.39,8.67,0.27,1.88,
Team1,14.38,825.36,1696.84,10.63,0.43,1.10,
Team1,14.38,825.41,1696.37,8.79,-0.16,2.08,
Team1,14.37,825.46,1695.91,11.57,-1.14,3.49,
Team1,14.37,825.51,1695.37,10.71,-0.94,2.35,
Team1,14.37,825.56,1694.89,9.26,0.08,2.28,
Team1,14.36,825.62,1694.34,11.22,-1.77,2.28,
Team1,14.36,825.67,1693.83,9.18,-0.31,2.67,
Team1,14.36,825.73,1693.27,10.51,0.20,2.86,
Team1,14.36,825.78,1692.79,10.16,-1.22,2.16,
Team1,14.36,825.84,1692.21,9.30,0.27,2.12,
Team1,14.35,825.89,1691.72,11.14,0.63,1.84,
Team1,14.35,825.94,1691.19,9.61,-0.67,2.59,
Team1,14.35,826.00,1690.62,10.71,0.24,2.35,
Team1,14.35,826.05,1690.10,10.32,0.08,2.08,
Team1,14.35,826.10,1689.58,12.04,-0.04,2.20,
Team1,14.34,826.16,1688.99,11.02,0.24,2.86,
Team1,14.34,826.22,1688.44,9.38,-0.63,1.80,
Team1,14.34,826.28,1687.83,9.38,0.67,1.14,
Team1,14.34,826.33,1687.39,8.08,-0.04,2.43,
Team1,14.34,826.38,1686.86,13.10,-0.16,2.75,
Team1,14.33,826.43,1686.33,10.67,-0.82,2.86,
Team1,14.33,826.49,1685.77,9.92,-0.20,2.20,
Team1,14.33,826.54,1685.24,10.24,0.27,2.39,
Team1,14.33,826.60,1684.72,9.69,-1.10,2.04,
Team1,14.32,826.66,1684.15,12.36,-0.04,2.94,
Team1,14.32,826.72,1683.56,9.18,-0.90,2.12,
Team1,14.32,826.77,1683.07,9.22,-0.78,2.12,
Team1,14.32,826.81,1682.62,9.69,0.08,2.75,
Team1,14.31,826.86,1682.13,9.77,-1.41,2.08,
Team1,14.31,826.92,1681.54,9.89,-0.47,2.79,
Team1,14.31,826.97,1681.03,8.55,-0.27,1.84,
Team1,14.31,827.03,1680.47,12.40,-1.14,3.30,
Team1,14.31,827.09,1679.88,10.71,-0.82,2.35,
Team1,14.30,827.14,1679.42,8.32,0.24,1.49,
Team1,14.30,827.19,1678.94,9.92,0.08,1.65,
Team1,14.30,827.24,1678.38,9.02,-0.47,3.22,
Team1,14.30,827.29,1677.88,10.47,-0.47,1.77,
Team1,14.30,827.34,1677.41,10.83,-0.24,2.55,
Team1,14.29,827.40,1676.82,10.51,-0.67,2.55,
Team1,14.29,827.46,1676.27,10.47,-0.67,2.31,
Team1,14.29,827.52,1675.71,10.47,-0.24,2.90,
Team1,14.29,827.57,1675.23,8.67,-0.55,1.57,
Team1,14.29,827.62,1674.69,10.71,0.16,2.28,
Team1,14.28,827.67,1674.16,12.98,-0.08,3.69,
Team1,14.28,827.78,1673.17,9.69,0.08,2.24,
Team1,14.28,827.82,1672.70,11.26,0.27,3.22,
Team1,14.28,827.87,1672.23,9.45,-0.12,1.49,
Team1,14.27,827.97,1671.24,10.16,-0.51,2.24,
Team1,14.27,828.02,1670.74,11.73,-0.82,2.71,
Team1,14.27,828.08,1670.23,11.45,-0.35,2.90,
Team1,14.26,828.12,1669.75,8.67,0.04,2.00,
Team1,14.26,828.17,1669.30,9.18,0.08,2.12,
Team1,14.26,828.21,1668.87,8.83,-0.27,2.98,
Team1,14.26,828.26,1668.43,12.55,-0.43,3.80,
Team1,14.26,828.31,1667.93,10.04,-0.47,2.08,
Team1,14.25,828.34,1667.63,9.69,-0.20,2.79,
Team1,14.25,828.40,1667.08,9.10,-0.08,1.96,
Team1,14.25,828.44,1666.69,9.26,-0.20,2.16,
Team1,14.25,828.48,1666.24,12.87,-0.20,2.82,
Team1,14.25,828.53,1665.80,7.53,-0.27,1.69,
Team1,14.24,828.58,1665.31,9.49,-0.82,2.24,
Team1,14.24,828.62,1664.85,10.40,-0.47,2.79,
Team1,14.24,828.68,1664.34,10.90,-0.27,2.67,
Team1,14.24,828.72,1663.89,10.08,-0.71,2.90,
Team1,14.23,828.77,1663.44,7.73,-0.55,2.00,
Team1,14.23,828.81,1663.00,12.91,-0.82,4.00,
Team1,14.23,828.86,1662.54,9.96,-0.43,2.12,
Team1,14.23,828.90,1662.10,9.34,0.55,2.00,
Team1,14.22,828.95,1661.67,10.16,0.31,2.16,
Team1,14.22,829.00,1661.19,11.14,0.20,2.16,
Team1,14.22,829.04,1660.74,12.91,0.16,3.14,
Team1,14.22,829.10,1660.22,9.26,0.31,1.96,
Team1,14.22,829.16,1659.60,10.12,-0.67,1.96,
Team1,14.21,829.19,1659.27,10.83,0.51,2.67,
Team1,14.21,829.24,1658.77,9.53,0.27,1.92,
Team1,14.21,829.29,1658.33,11.30,-0.63,2.04,
Team1,14.21,829.32,1658.00,9.22,-0.35,2.63,
Team1,14.21,829.38,1657.48,12.04,-0.71,2.43,
Team1,14.20,829.43,1656.93,11.73,-0.04,2.75,
Team1,14.20,829.49,1656.39,9.26,-0.59,1.69,
Team1,14.20,829.53,1655.93,11.45,-0.20,2.35,
Team1,14.20,829.58,1655.47,7.65,0.04,2.43,
Team1,14.20,829.63,1655.04,12.16,-0.51,3.18,
Team1,14.19,829.69,1654.44,8.90,-1.53,1.80,
Team1,14.19,829.73,1654.05,9.22,0.00,2.59,
Team1,14.19,829.76,1653.68,11.77,-1.29,2.08,
Team1,14.19,829.82,1653.18,9.02,-0.04,2.20,
Team1,14.19,829.86,1652.74,10.63,-0.55,1.61,
Team1,14.18,829.91,1652.25,9.14,-0.82,2.55,
Team1,14.18,829.97,1651.70,10.24,0.39,1.84,
Team1,14.18,830.02,1651.21,11.02,-0.63,2.98,
Team1,14.18,830.07,1650.68,8.71,-0.27,1.92,
Team1,14.18,830.11,1650.26,8.90,-0.16,2.67,
Team1,14.17,830.16,1649.82,9.34,0.31,2.16,
Team1,14.17,830.21,1649.28,10.12,-0.31,2.59,
Team1,14.17,830.27,1648.71,10.28,0.47,2.51,
Team1,14.17,830.32,1648.25,9.96,0.63,2.35,
Team1,14.17,830.37,1647.78,10.67,-0.51,2.00,
Team1,14.16,830.41,1647.34,10.47,0.16,2.20,
Team1,14.16,830.47,1646.82,12.71,0.39,2.75,
Team1,14.16,830.51,1646.43,7.92,0.39,1.18,
Team1,14.16,830.56,1645.93,10.36,-0.35,2.79,
Team1,14.16,830.61,1645.39,10.36,-0.55,2.12,
Team1,14.15,830.65,1644.98,10.75,0.27,2.20,
Team1,14.15,830.71,1644.46,12.28,0.04,3.30,
Team1,14.15,830.75,1644.04,7.69,-1.02,1.77,
Team1,14.15,830.80,1643.58,9.10,0.27,1.77,
Team1,14.14,830.85,1643.10,9.77,0.43,2.28,
Team1,14.14,830.89,1642.63,13.10,-1.65,3.73,
Team1,14.14,830.95,1642.11,11.77,-1.92,2.39,
Team1,14.14,831.00,1641.56,7.22,0.55,1.80,
Team1,14.14,831.04,1641.18,10.94,-0.31,1.37,
Team1,14.13,831.08,1640.78,8.51,-0.47,2.90,
Team1,14.13,831.13,1640.28,9.85,-1.53,2.98,
Team1,14.13,831.19,1639.77,9.89,-1.26,2.59,
Team1,14.13,831.24,1639.26,9.30,0.04,1.88,
Team1,14.12,831.30,1638.70,13.45,-1.84,3.30,
Team1,14.12,831.34,1638.24,11.45,-0.47,3.77,
Team1,14.12,831.39,1637.83,7.53,0.04,1.06,
Team1,14.12,831.43,1637.35,9.02,0.90,2.86,
Team1,14.12,831.48,1636.90,10.75,0.55,3.22,
Team1,14.12,831.53,1636.41,11.49,0.59,3.10,
Team1,14.11,831.58,1635.90,11.30,-0.24,2.35,
Team1,14.11,831.63,1635.41,9.14,0.51,1.77,
Team1,14.11,831.69,1634.87,12.20,0.16,2.43,
Team1,14.11,831.74,1634.32,11.18,-0.43,3.10,
Team1,14.11,831.79,1633.90,9.06,0.24,1.14,
Team1,14.10,831.82,1633.54,9.73,-0.08,1.49,
Team1,14.10,831.87,1633.11,9.73,-1.57,3.22,
Team1,14.10,831.92,1632.58,12.40,-0.67,3.69,
Team1,14.10,831.98,1632.01,9.02,-0.94,2.12,
Team1,14.10,832.02,1631.60,9.06,-0.86,2.79,
Team1,14.09,832.08,1631.07,12.16,-0.39,3.53,
Team1,14.09,832.13,1630.58,7.49,0.04,1.69,
Team1,14.09,832.18,1630.10,11.22,0.20,1.65,
Team1,14.09,832.23,1629.55,9.41,-0.20,2.43,
Team1,14.09,832.28,1629.14,11.34,-0.43,3.37,
Team1,14.08,832.32,1628.67,11.22,-1.22,2.16,
Team1,14.08,832.38,1628.14,10.98,0.98,1.96,
Team1,14.08,832.43,1627.64,11.69,-0.55,2.28,
Team1,14.08,832.48,1627.14,8.67,0.04,2.12,
Team1,14.08,832.53,1626.66,11.89,-0.12,2.43,
Team1,14.07,832.58,1626.13,9.18,-0.47,1.92,
Team1,14.07,832.63,1625.67,10.59,0.08,2.71,
Team1,14.07,832.69,1625.07,11.18,0.04,2.43,
Team1,14.07,832.74,1624.62,11.14,-0.35,1.88,
Team1,14.07,832.79,1624.12,10.83,-0.39,2.35,
Team1,14.06,832.84,1623.63,9.10,0.27,2.43,
Team1,14.06,832.89,1623.11,12.51,-0.71,3.18,
Team1,14.06,832.95,1622.52,10.32,-0.75,1.61,
Team1,14.06,833.00,1622.02,11.02,0.31,2.43,
Team1,14.06,833.06,1621.47,12.83,0.27,3.06,
Team1,14.05,833.11,1621.00,8.71,0.55,1.96,
Team1,14.05,833.16,1620.49,9.65,0.20,0.78,
Team1,14.05,833.21,1619.99,9.34,0.12,0.94,
Team1,14.05,833.26,1619.55,13.89,-0.94,3.22,
Team1,14.05,833.32,1618.96,12.28,-0.82,2.67,
Team1,14.04,833.37,1618.47,7.88,-1.53,1.33,
Team1,14.04,833.42,1618.01,10.59,-0.43,3.30,
Team1,14.04,833.47,1617.45,10.75,-0.78,2.94,
Team1,14.04,833.52,1616.98,7.34,0.04,1.61,
Team1,14.03,833.57,1616.47,11.53,-0.59,2.75,
Team1,14.03,833.63,1615.93,8.94,-0.98,2.08,
Team1,14.03,833.68,1615.47,11.49,-0.08,3.30,
Team1,14.03,833.77,1614.53,9.26,0.94,2.08,
Team1,14.02,833.83,1613.93,12.04,-1.29,2.59,
Team1,14.02,833.89,1613.41,10.59,-0.24,2.67,
Team1,14.02,833.97,1612.56,8.04,0.27,1.45,
Team1,14.02,834.03,1611.99,10.94,-0.82,2.51,
Team1,14.01,834.10,1611.37,12.75,-0.94,3.61,
Team1,14.01,834.15,1610.81,8.55,-0.43,1.80,
Team1,14.01,834.20,1610.39,9.89,0.59,1.29,
Team1,14.01,834.25,1609.87,8.04,-0.24,1.73,
Team1,14.01,834.29,1609.44,11.26,-1.14,2.71,
Team1,14.01,834.36,1608.79,11.02,-1.10,3.26,
Team1,14.00,834.42,1608.17,9.22,-0.78,2.24,
Team1,14.00,834.48,1607.67,11.10,0.04,2.47,
Team1,14.00,834.53,1607.13,8.87,-0.86,2.47,
Team1,14.00,834.59,1606.59,8.90,-1.57,1.88,
Team1,14.00,834.64,1606.07,9.30,-0.08,2.51,
Team1,13.99,834.69,1605.57,7.73,-0.55,2.20,
Team1,13.99,834.74,1605.10,12.00,0.04,3.06,
Team1,13.99,834.80,1604.56,8.32,0.16,2.43,
Team1,13.99,834.86,1603.97,11.89,-1.84,2.12,
Team1,13.99,834.91,1603.41,11.77,-0.94,3.10,
Team1,13.98,834.97,1602.91,9.10,0.00,1.84,
Team1,13.98,835.03,1602.30,9.92,-0.16,2.08,
Team1,13.98,835.09,1601.71,9.57,0.39,2.28,
Team1,13.98,835.14,1601.20,12.28,-0.94,3.26,
Team1,13.98,835.24,1600.22,9.53,0.51,1.45,
Team1,13.97,835.30,1599.65,12.63,0.04,2.16,
Team1,13.97,835.36,1599.08,10.28,-0.67,3.41,
Team1,13.97,835.42,1598.45,9.22,-1.73,2.28,
Team1,13.97,835.48,1597.94,9.38,-0.78,1.92,
Team1,13.97,835.53,1597.43,9.45,-0.67,2.04,
Team1,13.97,835.58,1596.88,11.57,-1.45,2.47,
Team1,13.96,835.65,1596.28,9.26,-0.31,1.92,
Team1,13.96,835.70,1595.72,10.00,-0.71,2.75,
Team1,13.96,835.76,1595.14,10.28,-1.45,2.67,
Team1,13.96,835.82,1594.57,6.75,-0.27,1.61,
Team1,13.96,835.87,1594.08,12.00,-0.27,3.14,
Team1,13.95,835.93,1593.55,9.06,-0.31,1.84,
Team1,13.95,835.98,1593.01,10.79,-0.78,2.59,
Team1,13.95,836.03,1592.53,10.55,0.04,2.39,
Team1,13.95,836.07,1592.13,11.69,-0.39,2.28,
Team1,13.95,836.14,1591.51,10.79,-0.59,2.59,
Team1,13.94,836.20,1590.91,8.36,-0.59,2.35,
Team1,13.94,836.26,1590.35,10.51,-1.61,2.67,
Team1,13.94,836.31,1589.83,9.26,-0.39,2.24,
Team1,13.94,836.36,1589.31,9.26,-0.31,1.61,
Team1,13.94,836.42,1588.79,11.85,-0.35,2.39,
Team1,13.94,836.47,1588.22,9.77,-1.14,2.20,
Team1,13.93,836.52,1587.74,10.79,-0.67,2.67,
Team1,13.93,836.59,1587.06,9.06,-0.20,2.04,
Team1,13.93,836.65,1586.54,9.57,-0.27,1.88,
Team1,13.93,836.70,1586.07,10.51,-0.16,2.98,
Team1,13.93,836.75,1585.52,8.47,-0.35,2.24,
Team1,13.93,836.81,1584.95,11.53,-0.78,2.04,
Team1,13.92,836.87,1584.42,9.18,-0.24,2.35,
Team1,13.92,836.92,1583.93,11.06,-1.22,2.39,
Team1,13.92,836.97,1583.40,10.12,-0.27,2.39,
Team1,13.92,837.03,1582.86,8.67,-0.98,1.65,
Team1,13.92,837.08,1582.31,11.45,-0.98,3.14,
Team1,13.92,837.14,1581.74,8.87,-0.86,2.04,
Team1,13.91,837.19,1581.23,9.53,-0.59,2.24,
Team1,13.91,837.25,1580.70,10.43,-0.43,2.94,
Team1,13.91,837.31,1580.11,8.98,-0.67,2.67,
Team1,13.91,837.37,1579.53,11.22,-0.86,2.82,
Team1,13.91,837.43,1578.96,9.73,-1.06,2.51,
Team1,13.90,837.48,1578.45,10.98,0.00,2.86,
Team1,13.90,837.53,1577.96,10.32,0.35,2.79,
Team1,13.90,837.58,1577.48,10.12,0.00,1.53,
Team1,13.90,837.64,1576.90,10.04,-0.16,1.88,
Team1,13.90,837.69,1576.39,8.94,-0.20,2.16,
Team1,13.90,837.74,1575.87,12.71,-0.35,2.94,
Team1,13.89,837.81,1575.29,8.36,-0.63,2.00,
Team1,13.89,837.86,1574.77,9.45,-0.43,2.04,
Team1,13.89,837.92,1574.21,10.16,0.35,2.63,
Team1,13.89,837.97,1573.68,9.14,-0.75,2.47,
Team1,13.89,838.03,1573.09,11.85,-0.51,2.98,
Team1,13.88,838.09,1572.49,9.02,-0.75,1.73,
Team1,13.88,838.15,1571.98,11.30,-0.35,2.94,
Team1,13.88,838.20,1571.41,10.83,-0.16,2.67,
Team1,13.88,838.25,1570.93,8.51,-0.39,1.61,
Team1,13.88,838.31,1570.43,9.73,0.55,1.49,
Team1,13.88,838.36,1569.88,9.14,-0.35,2.43,
Team1,13.87,838.41,1569.42,13.18,-0.86,3.49,
Team1,13.87,838.47,1568.86,9.49,-0.63,1.61,
Team1,13.87,838.52,1568.38,10.43,-0.16,1.45,
Team1,13.87,838.57,1567.89,10.98,-0.20,2.47,
Team1,13.87,838.62,1567.39,9.85,-1.57,2.08,
Team1,13.86,838.79,1565.72,10.63,-0.82,2.63,
Team1,13.86,838.85,1565.18,10.59,-0.20,3.06,
Team1,13.86,838.90,1564.70,9.81,-0.98,2.79,
Team1,13.86,838.94,1564.23,12.32,-0.67,3.02,
Team1,13.86,839.00,1563.71,10.36,0.20,2.55,
Team1,13.85,839.04,1563.30,12.16,-0.43,1.77,
Team1,13.85,839.10,1562.75,8.83,0.39,2.04,
Team1,13.85,839.20,1561.78,9.73,0.35,2.20,
Team1,13.85,839.25,1561.26,8.83,-0.94,1.73,
Team1,13.85,839.30,1560.78,10.90,0.24,2.31,
Team1,13.84,839.35,1560.27,10.28,-0.82,2.43,
Team1,13.84,839.40,1559.86,11.92,-0.75,2.28,
Team1,13.84,839.45,1559.36,8.39,-0.04,1.80,
Team1,13.84,839.50,1558.86,10.71,-0.98,2.47,
Team1,13.84,839.54,1558.45,10.16,-0.20,2.71,
Team1,13.84,839.59,1557.96,7.34,-1.02,1.61,
Team1,13.83,839.63,1557.54,10.36,-0.35,0.71,
Team1,13.83,839.67,1557.17,9.81,-0.39,2.63,
Team1,13.83,839.73,1556.64,14.16,-0.43,2.98,
Team1,13.83,839.79,1556.06,9.77,-0.82,2.08,
Team1,13.83,839.83,1555.64,8.12,-0.04,1.22,
Team1,13.82,839.88,1555.18,9.69,0.16,1.49,
Team1,13.82,839.92,1554.76,9.96,-0.59,2.47,
Team1,13.82,839.97,1554.33,13.22,-0.35,3.61,
Team1,13.82,840.01,1553.88,9.65,-1.02,1.53,
Team1,13.82,840.06,1553.44,9.18,0.39,2.31,
Team1,13.82,840.11,1552.96,8.71,-0.20,1.80,
Team1,13.82,840.15,1552.53,11.02,-0.75,2.90,
Team1,13.81,840.20,1552.04,12.67,-0.12,4.00,
Team1,13.81,840.24,1551.64,9.18,-0.43,2.31,
Team1,13.81,840.29,1551.16,12.40,0.00,2.82,
Team1,13.81,840.33,1550.78,8.16,0.12,3.18,
Team1,13.81,840.37,1550.39,7.34,0.78,0.98,
Team1,13.81,840.42,1549.95,11.45,0.82,3.18,
Team1,13.80,840.47,1549.49,11.18,-1.06,2.04,
Team1,13.80,840.50,1549.13,13.57,-0.31,2.94,
Team1,13.80,840.54,1548.76,10.71,0.67,1.37,
Team1,13.80,840.58,1548.40,9.69,0.39,2.71,
Team1,13.80,840.64,1547.81,11.45,-0.16,2.59,
Team1,13.80,840.68,1547.43,8.16,-0.35,2.39,
Team1,13.80,840.72,1547.03,12.47,-0.12,2.43,
Team1,13.79,840.77,1546.56,9.06,-0.20,2.63,
Team1,13.79,840.81,1546.18,14.16,-1.10,3.41,
Team1,13.79,840.84,1545.83,12.47,-0.67,2.31,
Team1,13.79,840.88,1545.46,8.59,0.27,2.12,
Team1,13.79,840.93,1545.02,10.24,0.67,2.28,
Team1,13.78,840.97,1544.63,8.71,-0.94,2.71,
Team1,13.78,841.01,1544.23,11.38,-0.43,3.02,
Team1,13.78,841.05,1543.84,8.90,-0.39,2.00,
Team1,13.78,841.13,1543.02,9.49,-0.08,2.39,
Team1,13.78,841.17,1542.66,9.06,-0.20,1.57,
Team1,13.78,841.20,1542.33,12.24,0.16,3.02,
Team1,13.77,841.26,1541.82,9.14,-0.94,1.14,
Team1,13.77,841.29,1541.55,12.08,-0.31,2.86,
Team1,13.77,841.33,1541.15,11.45,-0.08,2.28,
Team1,13.77,841.36,1540.78,7.18,0.31,2.04,
Team1,13.77,841.40,1540.42,8.24,0.59,1.06,
Team1,13.77,841.44,1540.03,10.79,-0.16,2.20,
Team1,13.76,841.49,1539.61,19.10,0.16,4.67,
Team1,13.76,841.54,1539.08,11.92,-0.67,2.24,
Team1,13.76,841.59,1538.65,8.47,-0.20,1.26,
Team1,13.76,841.63,1538.21,8.16,1.61,2.24,
Team1,13.76,841.66,1537.89,9.85,-1.22,2.24,
Team1,13.76,841.70,1537.50,11.18,-0.20,3.92,
Team1,13.75,841.74,1537.11,9.89,-0.90,2.00,
Team1,13.75,841.78,1536.73,11.14,0.08,2.51,
Team1,13.75,841.83,1536.32,10.47,-0.04,2.43,
Team1,13.75,841.86,1535.96,8.16,-0.63,1.77,
Team1,13.75,841.90,1535.63,12.47,0.27,2.43,
Team1,13.74,841.94,1535.26,10.00,-0.98,2.08,
Team1,13.74,841.98,1534.85,9.53,-0.55,2.63,
Team1,13.74,842.03,1534.37,10.08,-0.43,2.08,
Team1,13.74,842.08,1533.89,9.14,-0.39,2.39,
Team1,13.74,842.13,1533.41,11.18,-0.71,3.06,
Team1,13.74,842.18,1532.90,9.41,-0.90,2.31,
Team1,13.74,842.22,1532.50,11.89,0.04,3.45,
Team1,13.73,842.27,1532.05,11.02,-0.90,2.86,
Team1,13.73,842.30,1531.72,9.14,0.43,2.12,
Team1,13.73,842.34,1531.37,11.02,0.47,2.16,
Team1,13.73,842.38,1530.99,9.06,-0.20,2.20,
Team1,13.73,842.42,1530.61,13.26,0.47,2.35,
Team1,13.73,842.46,1530.18,9.49,0.00,1.69,
Team1,13.73,842.50,1529.79,11.26,-0.24,2.43,
Team1,13.73,842.54,1529.39,11.06,0.08,2.35,
Team1,13.72,842.58,1529.05,11.22,0.20,1.96,
Team1,13.72,842.62,1528.61,11.06,-0.59,1.80,
Team1,13.72,842.67,1528.19,9.10,-0.12,2.86,
Team1,13.72,842.71,1527.81,10.79,-0.71,2.98,
Team1,13.72,842.76,1527.31,7.96,-0.31,1.49,
Team1,13.72,842.79,1526.98,10.16,-1.02,2.43,
Team1,13.72,842.83,1526.61,12.59,-0.08,4.00,
Team1,13.71,842.88,1526.10,8.04,-0.31,2.04,
Team1,13.71,842.92,1525.73,8.08,-0.12,0.71,
Team1,13.71,842.97,1525.30,8.28,1.02,2.20,
Team1,13.71,843.01,1524.91,13.42,-0.35,3.45,
Team1,13.71,843.04,1524.55,12.12,-1.22,3.10,
Team1,13.71,843.09,1524.08,8.51,-0.31,1.06,
Team1,13.71,843.12,1523.76,12.04,-0.78,3.02,
Team1,13.70,843.17,1523.35,13.57,-1.33,2.90,
Team1,13.70,843.21,1522.92,6.24,0.24,1.73,
Team1,13.70,843.25,1522.52,8.28,0.04,0.78,
Team1,13.70,843.29,1522.21,7.41,0.24,2.63,
Team1,13.70,843.33,1521.75,13.61,-1.45,4.08,
Team1,13.70,843.38,1521.28,11.45,-1.18,2.63,
Team1,13.70,843.43,1520.82,9.02,0.20,1.06,
Team1,13.69,843.47,1520.39,9.73,-0.04,2.04,
Team1,13.69,843.52,1519.94,13.69,-0.82,3.61,
Team1,13.69,843.57,1519.46,10.51,-0.16,3.45,
Team1,13.69,843.61,1519.03,8.20,-1.96,0.43,
Team1,13.69,843.66,1518.55,10.79,0.16,3.37,
Team1,13.69,843.71,1518.14,10.55,-0.59,3.02,
Team1,13.69,843.75,1517.69,8.98,-0.59,1.96,
Team1,13.69,843.80,1517.20,9.34,0.04,2.79,
Team1,13.68,843.85,1516.80,8.67,-0.86,1.29,
Team1,13.68,843.90,1516.31,12.91,-1.33,3.77,
Team1,13.68,843.95,1515.77,10.59,-0.78,2.55,
Team1,13.68,844.00,1515.33,9.92,0.31,1.88,
Team1,13.68,844.05,1514.84,11.53,-0.16,2.00,
Team1,13.68,844.10,1514.38,11.06,-0.78,2.67,
Team1,13.68,844.15,1513.86,10.20,-0.75,2.20,
Team1,13.68,844.20,1513.40,8.24,-0.43,1.49,
Team1,13.68,844.25,1512.91,10.28,-0.78,2.43,
Team1,13.67,844.30,1512.37,12.04,-0.31,3.57,
Team1,13.67,844.36,1511.85,7.14,-0.08,1.26,
Team1,13.67,844.40,1511.49,10.79,0.12,2.39,
Team1,13.67,844.45,1510.95,10.16,-0.98,2.90,
Team1,13.67,844.50,1510.46,11.38,0.35,2.24,
Team1,13.67,844.55,1509.96,10.67,-0.20,1.96,
Team1,13.67,844.61,1509.44,9.96,-1.10,1.92,
Team1,13.66,844.66,1508.95,12.20,-0.27,2.79,
Team1,13.66,844.71,1508.46,7.92,0.51,2.04,
Team1,13.66,844.77,1507.92,9.96,-1.45,3.14,
Team1,13.66,844.83,1507.34,10.32,-1.26,1.96,
Team1,13.66,844.88,1506.82,10.28,0.75,2.00,
Team1,13.66,844.93,1506.32,11.85,-1.29,2.16,
Team1,13.66,844.98,1505.81,8.39,-0.67,1.80,
Team1,13.66,845.05,1505.20,9.96,-0.20,2.31,
Team1,13.65,845.10,1504.71,8.79,0.04,2.12,
Team1,13.65,845.15,1504.23,11.18,-0.59,2.28,
Team1,13.65,845.20,1503.71,11.57,-0.59,3.02,
Team1,13.65,845.26,1503.17,8.24,-1.10,1.65,
Team1,13.65,845.32,1502.60,8.20,0.00,2.24,
Team1,13.65,845.36,1502.20,9.22,-0.27,2.43,
Team1,13.65,845.41,1501.72,8.94,0.08,3.53,
Team1,13.65,845.46,1501.24,12.04,-1.29,2.63,
Team1,13.65,845.51,1500.74,11.41,-1.18,1.73,
Team1,13.65,845.55,1500.32,10.59,-0.04,1.57,
Team1,13.65,845.62,1499.73,8.87,0.31,2.24,
Team1,13.65,845.67,1499.16,11.85,0.00,2.67,
Team1,13.64,845.73,1498.62,10.79,-0.59,2.16,
Team1,13.64,845.78,1498.16,10.79,-0.90,2.51,
Team1,13.64,845.84,1497.55,9.38,-0.75,1.80,
Team1,13.64,845.89,1497.10,8.51,-0.67,2.12,
Team1,13.64,845.94,1496.58,12.20,0.00,3.26,
Team1,13.64,845.99,1496.07,10.04,-0.35,2.08,
Team1,13.64,846.05,1495.56,10.59,0.47,1.92,
Team1,13.64,846.10,1495.05,8.87,0.39,2.28,
Team1,13.63,846.15,1494.57,11.81,-0.75,3.14,
Team1,13.63,846.20,1494.07,12.32,-0.75,3.06,
Team1,13.63,846.25,1493.57,8.43,-0.35,1.41,
Team1,13.63,846.31,1493.02,10.24,0.39,1.41,
Team1,13.63,846.37,1492.46,7.77,-0.08,2.24,
Team1,13.63,846.42,1491.96,11.85,-1.33,3.06,
Team1,13.63,846.47,1491.44,11.30,-0.82,3.06,
Team1,13.63,846.53,1490.91,7.61,-0.35,2.08,
Team1,13.63,846.59,1490.35,10.51,-1.37,1.80,
Team1,13.63,846.65,1489.76,10.94,-1.14,3.02,
Team1,13.62,846.71,1489.23,11.14,1.14,1.18,
Team1,13.62,846.75,1488.76,13.22,-0.71,3.45,
Team1,13.62,846.82,1488.14,3.73,-1.02,0.31,
Team1,13.62,846.86,1487.74,3.65,-2.55,29.38,
Team1,13.62,846.89,1487.43,-3.69,-8.24,7.06,
Team1,13.62,846.92,1487.17,-1.92,-1.88,14.28,
Team1,13.61,846.94,1487.00,-2.00,-1.73,9.73,
Team1,13.60,846.95,1486.88,-2.08,-1.88,9.61,
Team1,13.60,846.97,1486.70,-2.08,-1.80,9.61,
Team1,13.60,846.97,1486.66,-1.73,-2.08,9.22,
Team1,13.59,846.98,1486.60,-1.96,-1.88,9.65,
Team1,13.59,846.98,1486.56,-1.92,-1.73,9.81,
Team1,13.58,846.98,1486.55,-2.20,-1.77,9.34,
Team1,13.58,846.98,1486.57,-2.35,-1.73,9.69,
Team1,13.58,846.98,1486.61,-1.88,-1.88,9.18,
Team1,13.57,846.98,1486.61,-2.08,-1.77,9.53,
Team1,13.57,846.98,1486.61,-2.04,-1.92,9.57,
Team1,13.56,846.98,1486.61,-1.88,-2.00,9.34,
Team1,13.56,846.98,1486.55,-2.00,-1.84,9.69,
Team1,13.55,846.99,1486.51,-1.92,-1.88,9.73,
Team1,13.55,846.99,1486.52,-2.12,-1.84,9.53,
Team1,13.54,846.99,1486.45,-1.65,-1.80,9.34,
Team1,13.53,846.99,1486.46,-1.88,-1.84,9.57,
Team1,13.53,846.99,1486.53,-2.08,-1.77,9.92,
Team1,13.52,846.99,1486.52,-2.04,-1.80,9.65,
Team1,13.52,846.99,1486.50,-2.04,-1.84,9.77,
Team1,13.51,846.99,1486.48,-1.96,-1.92,9.57,
Team1,13.50,847.00,1486.43,-2.04,-1.80,9.69,
Team1,13.50,847.00,1486.42,-2.20,-1.80,9.73,
Team1,13.49,847.00,1486.41,-1.80,-1.84,9.77,
Team1,13.49,846.99,1486.44,-2.08,-1.88,9.57,
Team1,13.48,847.00,1486.43,-1.96,-2.00,9.73,
Team1,13.47,846.99,1486.52,-2.04,-1.88,9.73,
Team1,13.47,846.99,1486.52,-2.04,-1.77,9.69,
Team1,13.46,846.99,1486.46,-1.88,-1.96,9.61,
Team1,13.45,846.99,1486.49,-1.92,-1.88,9.69,
Team1,13.45,846.99,1486.47,-1.92,-1.96,9.61,
Team1,13.44,846.99,1486.45,-2.08,-1.73,9.73,
Team1,13.44,846.99,1486.50,-2.12,-1.84,9.53,
Team1,13.43,846.99,1486.49,-1.88,-1.84,9.65,
Team1,13.42,846.99,1486.49,-1.92,-1.84,9.85,
Team1,13.42,846.99,1486.46,-1.80,-1.80,9.69,
Team1,13.41,846.99,1486.45,-2.00,-1.77,9.69,
Team1,13.40,847.00,1486.43,-2.04,-1.88,9.65,
Team1,13.40,847.00,1486.40,-2.24,-1.80,9.69,
Team1,13.39,847.00,1486.41,-1.84,-1.73,9.38,
Team1,13.38,847.00,1486.42,-1.88,-1.80,9.77,
Team1,13.38,846.99,1486.48,-2.04,-1.84,9.49,
Team1,13.37,846.99,1486.51,-2.12,-1.84,9.81,
Team1,13.36,846.99,1486.52,-2.08,-1.96,9.57,
Team1,13.36,846.99,1486.52,-2.04,-1.84,9.53,
Team1,13.35,846.98,1486.54,-2.00,-1.80,9.81,
Team1,13.34,846.99,1486.52,-2.00,-1.80,9.53,
Team1,13.34,846.99,1486.48,-1.96,-1.84,9.77,
Team1,13.33,847.00,1486.41,-2.04,-1.80,9.57,
Team1,13.32,847.00,1486.41,-1.96,-1.84,9.57,
Team1,13.32,847.00,1486.35,-1.96,-1.88,9.85,
Team1,13.31,847.01,1486.31,-1.96,-1.77,9.81,
Team1,13.31,847.01,1486.33,-2.00,-1.92,9.57,
Team1,13.30,847.01,1486.30,-2.00,-1.88,9.65,
Team1,13.29,847.00,1486.35,-1.73,-2.00,9.69,